#
# A fatal error has been detected by the Java Runtime Environment:
#
#  SIGSEGV (0xb) at pc=0x00007fb30d05b2fa, pid=6802, tid=140406418372352
#
# JRE version: OpenJDK Runtime Environment (7.0_51) (build 1.7.0_51-b00)
# Java VM: OpenJDK 64-Bit Server VM (24.45-b08 mixed mode linux-amd64 compressed oops)
# Problematic frame:
# v  ~BufferBlob::jni_fast_GetLongField
#
# Failed to write core dump. Core dumps have been disabled. To enable core dumping, try "ulimit -c unlimited" before starting Java again
#
# If you would like to submit a bug report, please include
# instructions on how to reproduce the bug and visit:
#   http://icedtea.classpath.org/bugzilla
# The crash happened outside the Java Virtual Machine in native code.
# See problematic frame for where to report the bug.
#

---------------  T H R E A D  ---------------

Current thread (0x00007fb31020a800):  JavaThread "AWT-XAWT" daemon [_thread_in_native, id=6822, stack(0x00007fb2eaa0f000,0x00007fb2eab10000)]

siginfo:si_signo=SIGSEGV: si_errno=0, si_code=1 (SEGV_MAPERR), si_addr=0x0000000000000000

Registers:
RAX=0x00007fb318062ec0, RBX=0x00007fb31020a9d8, RCX=0x00007fb3184d82e0, RDX=0x0000000000000042
RSP=0x00007fb2eab0e788, RBP=0x00007fb2eab0e7b0, RSI=0x0000000000000000, RDI=0x00007fb31020a9d8
R8 =0x0000000000000003, R9 =0x0000000000000000, R10=0x00000000000001ea, R11=0x00007fb317b12340
R12=0x00007fb2a000e180, R13=0x0000000000000000, R14=0x00007fb30754b4a0, R15=0x00007fb31020a800
RIP=0x00007fb30d05b2fa, EFLAGS=0x0000000000010246, CSGSFS=0x0000000000000033, ERR=0x0000000000000004
  TRAPNO=0x000000000000000e

Top of Stack: (sp=0x00007fb2eab0e788)
0x00007fb2eab0e788:   00007fb307317584 000000077ab65050
0x00007fb2eab0e798:   00007fb2a000e180 000000077ab65050
0x00007fb2eab0e7a8:   00007fb2eab0e898 0000000000000000
0x00007fb2eab0e7b8:   00007fb306e11cc8 000000077ab65050
0x00007fb2eab0e7c8:   00007fb2eab0e7f0 0000000000000000
0x00007fb2eab0e7d8:   00007fb306e09ba3 000000077ab65050
0x00007fb2eab0e7e8:   00007fb30730c09f 00007fb2eab0e860
0x00007fb2eab0e7f8:   00007fb30d012cd8 00007fb30d006233
0x00007fb2eab0e808:   0000000000000000 0000000784cf7218
0x00007fb2eab0e818:   0000000000000000 00007fb2eab0e820
0x00007fb2eab0e828:   0000000000000000 00007fb2eab0e898
0x00007fb2eab0e838:   000000077ab6b1d0 0000000000000000
0x00007fb2eab0e848:   000000077ab65050 0000000000000000
0x00007fb2eab0e858:   00007fb2eab0e880 00007fb2eab0e8e0
0x00007fb2eab0e868:   00007fb30d006350 0000000784c00c30
0x00007fb2eab0e878:   00007fb30d00ecc0 0000000000000000
0x00007fb2eab0e888:   00007fb2eab0e8e0 00007fb2c8000db0
0x00007fb2eab0e898:   0000000784d1cb08 00007fb2eab0e8a0
0x00007fb2eab0e8a8:   000000077ab46dec 00007fb2eab0e928
0x00007fb2eab0e8b8:   000000077ab53bd0 000000077b453ba8
0x00007fb2eab0e8c8:   000000077ab46f80 00007fb2eab0e880
0x00007fb2eab0e8d8:   00007fb2eab0e920 00007fb2eab0e970
0x00007fb2eab0e8e8:   00007fb30d006058 0000000000000000
0x00007fb2eab0e8f8:   00000007d7fbc978 0000000000000000
0x00007fb2eab0e908:   0000000000000000 0000000000000000
0x00007fb2eab0e918:   0000000784d1cb08 0000000000000000
0x00007fb2eab0e928:   0000000784c0f620 00007fb2eab0e930
0x00007fb2eab0e938:   000000077ab46be5 00007fb2eab0e980
0x00007fb2eab0e948:   000000077ab53bd0 0000000000000000
0x00007fb2eab0e958:   000000077ab46c00 00007fb2eab0e920
0x00007fb2eab0e968:   00007fb2eab0e980 00007fb2eab0e9c8
0x00007fb2eab0e978:   00007fb30d006706 0000000784c0f620 

Instructions: (pc=0x00007fb30d05b2fa)
0x00007fb30d05b2da:   00 00 00 00 00 00 44 8b 15 fd 1e 03 0b 4c 8b ce
0x00007fb30d05b2ea:   41 f6 c2 01 0f 85 2e 00 00 00 4d 33 ca 4d 33 ca
0x00007fb30d05b2fa:   4d 8b 09 4c 8b da 49 c1 eb 02 4b 8b 04 19 49 bb
0x00007fb30d05b30a:   e4 d1 08 18 b3 7f 00 00 4c 33 d8 4c 33 d8 45 3b 

Register to memory mapping:

RAX=0x00007fb318062ec0: <offset 0xd7bec0> in /usr/lib/jvm/java-7-openjdk-amd64/jre/lib/amd64/server/libjvm.so at 0x00007fb3172e7000
RBX=0x00007fb31020a9d8 is an unknown value
RCX=0x00007fb3184d82e0: <offset 0x2182e0> in /lib/x86_64-linux-gnu/libpthread.so.0 at 0x00007fb3182c0000
RDX=0x0000000000000042 is an unknown value
RSP=0x00007fb2eab0e788 is pointing into the stack for thread: 0x00007fb31020a800
RBP=0x00007fb2eab0e7b0 is pointing into the stack for thread: 0x00007fb31020a800
RSI=0x0000000000000000 is an unknown value
RDI=0x00007fb31020a9d8 is an unknown value
R8 =0x0000000000000003 is an unknown value
R9 =0x0000000000000000 is an unknown value
R10=0x00000000000001ea is an unknown value
R11=0x00007fb317b12340: <offset 0x82b340> in /usr/lib/jvm/java-7-openjdk-amd64/jre/lib/amd64/server/libjvm.so at 0x00007fb3172e7000
R12=0x00007fb2a000e180 is an unknown value
R13=0x0000000000000000 is an unknown value
R14=0x00007fb30754b4a0: <offset 0x2544a0> in /usr/lib/jvm/java-7-openjdk-amd64/jre/lib/amd64/xawt/libmawt.so at 0x00007fb3072f7000
R15=0x00007fb31020a800 is a thread


Stack: [0x00007fb2eaa0f000,0x00007fb2eab10000],  sp=0x00007fb2eab0e788,  free space=1021k
Native frames: (J=compiled Java code, j=interpreted, Vv=VM code, C=native code)
v  ~BufferBlob::jni_fast_GetLongField

Java frames: (J=compiled Java code, j=interpreted, Vv=VM code)
j  sun.awt.X11.XlibWrapper.XFilterEvent(JJ)Z+0
j  sun.awt.X11.XToolkit.run(Z)V+300
j  sun.awt.X11.XToolkit.run()V+5
j  java.lang.Thread.run()V+11
v  ~StubRoutines::call_stub

---------------  P R O C E S S  ---------------

Java Threads: ( => current thread )
  0x00007fb2a8001800 JavaThread "XToolkt-Shutdown-Thread" [_thread_blocked, id=7135, stack(0x00007fb2c0e96000,0x00007fb2c0f97000)]
  0x00007fb2e0001000 JavaThread "SIGTERM handler" daemon [_thread_blocked, id=7134, stack(0x00007fb2c0099000,0x00007fb2c019a000)]
  0x00007fb2a002e800 JavaThread "TimerQueue" daemon [_thread_blocked, id=6831, stack(0x00007fb2c0f97000,0x00007fb2c1098000)]
  0x00007fb31000a000 JavaThread "DestroyJavaVM" [_thread_blocked, id=6806, stack(0x00007fb318dad000,0x00007fb318eae000)]
  0x00007fb3103db800 JavaThread "AWT-EventQueue-0" [_thread_in_Java, id=6830, stack(0x00007fb2c1320000,0x00007fb2c1421000)]
  0x00007fb3103da000 JavaThread "AWT-Shutdown" [_thread_blocked, id=6829, stack(0x00007fb2c1421000,0x00007fb2c1522000)]
=>0x00007fb31020a800 JavaThread "AWT-XAWT" daemon [_thread_in_native, id=6822, stack(0x00007fb2eaa0f000,0x00007fb2eab10000)]
  0x00007fb3101e2000 JavaThread "Java2D Disposer" daemon [_thread_blocked, id=6821, stack(0x00007fb2eab10000,0x00007fb2eac11000)]
  0x00007fb3100a7000 JavaThread "Service Thread" daemon [_thread_blocked, id=6819, stack(0x00007fb30c0f1000,0x00007fb30c1f2000)]
  0x00007fb3100a5000 JavaThread "C2 CompilerThread1" daemon [_thread_blocked, id=6818, stack(0x00007fb30c1f2000,0x00007fb30c2f3000)]
  0x00007fb3100a2000 JavaThread "C2 CompilerThread0" daemon [_thread_blocked, id=6817, stack(0x00007fb30c2f3000,0x00007fb30c3f4000)]
  0x00007fb3100a0000 JavaThread "Signal Dispatcher" daemon [_thread_blocked, id=6816, stack(0x00007fb30c3f4000,0x00007fb30c4f5000)]
  0x00007fb31007b800 JavaThread "Finalizer" daemon [_thread_blocked, id=6815, stack(0x00007fb30c4f5000,0x00007fb30c5f6000)]
  0x00007fb310079800 JavaThread "Reference Handler" daemon [_thread_blocked, id=6814, stack(0x00007fb30c5f6000,0x00007fb30c6f7000)]

Other Threads:
  0x00007fb310075800 VMThread [stack: 0x00007fb30c6f7000,0x00007fb30c7f8000] [id=6813]
  0x00007fb3100b2000 WatcherThread [stack: 0x00007fb30781c000,0x00007fb30791d000] [id=6820]

VM state:not at safepoint (normal execution)

VM Mutex/Monitor currently owned by a thread: None

Heap
 PSYoungGen      total 24064K, used 16391K [0x00000007d6e80000, 0x00000007dbe80000, 0x0000000800000000)
  eden space 23552K, 69% used [0x00000007d6e80000,0x00000007d7e71cf8,0x00000007d8580000)
  from space 512K, 12% used [0x00000007dbe00000,0x00000007dbe10000,0x00000007dbe80000)
  to   space 512K, 0% used [0x00000007dbd80000,0x00000007dbd80000,0x00000007dbe00000)
 ParOldGen       total 83968K, used 3918K [0x0000000784c00000, 0x0000000789e00000, 0x00000007d6e80000)
  object space 83968K, 4% used [0x0000000784c00000,0x0000000784fd3ac0,0x0000000789e00000)
 PSPermGen       total 21504K, used 14911K [0x000000077a600000, 0x000000077bb00000, 0x0000000784c00000)
  object space 21504K, 69% used [0x000000077a600000,0x000000077b48ff78,0x000000077bb00000)

Card table byte_map: [0x00007fb31560f000,0x00007fb315a3d000] byte_map_base: 0x00007fb311a3c000

Polling page: 0x00007fb318ed6000

Code Cache  [0x00007fb30d000000, 0x00007fb30d270000, 0x00007fb310000000)
 total_blobs=1099 nmethods=602 adapters=450 free_code_cache=47286Kb largest_free_block=48340864

Compilation events (10 events):
Event: 88,109 Thread 0x00007fb3100a5000  604             javax.swing.plaf.basic.BasicPopupMenuUI$BasicPopupMenuListener::<init> (10 bytes)
Event: 88,110 Thread 0x00007fb3100a5000 nmethod 604 0x00007fb30d19ec50 code [0x00007fb30d19ed80, 0x00007fb30d19edf8]
Event: 88,110 Thread 0x00007fb3100a2000  603             javax.swing.plaf.basic.BasicPopupMenuUI$BasicPopupMenuListener::<init> (6 bytes)
Event: 88,110 Thread 0x00007fb3100a2000 nmethod 603 0x00007fb30d1a83d0 code [0x00007fb30d1a8500, 0x00007fb30d1a8578]
Event: 88,913 Thread 0x00007fb3100a5000  605             java.util.EventObject::<init> (24 bytes)
Event: 88,914 Thread 0x00007fb3100a5000 nmethod 605 0x00007fb30d1a8190 code [0x00007fb30d1a82c0, 0x00007fb30d1a8358]
Event: 96,419 Thread 0x00007fb3100a5000  606             java.util.ArrayList::subListRangeCheck (110 bytes)
Event: 96,420 Thread 0x00007fb3100a5000 nmethod 606 0x00007fb30d1a7f10 code [0x00007fb30d1a8060, 0x00007fb30d1a80d8]
Event: 102,090 Thread 0x00007fb3100a2000  607 % !         labyrinthe.InterfaceEditeur$ChargerListener::actionPerformed @ 73 (118 bytes)
Event: 102,092 Thread 0x00007fb3100a2000 nmethod 607% 0x00007fb30d1a7ad0 code [0x00007fb30d1a7c40, 0x00007fb30d1a7de8]

GC Heap History (10 events):
Event: 138,507 GC heap before
{Heap before GC invocations=168 (full 0):
 PSYoungGen      total 24064K, used 23648K [0x00000007d6e80000, 0x00000007dbe80000, 0x0000000800000000)
  eden space 23552K, 100% used [0x00000007d6e80000,0x00000007d8580000,0x00000007d8580000)
  from space 512K, 18% used [0x00000007dbd80000,0x00000007dbd98000,0x00000007dbe00000)
  to   space 512K, 0% used [0x00000007dbe00000,0x00000007dbe00000,0x00000007dbe80000)
 ParOldGen       total 83968K, used 3910K [0x0000000784c00000, 0x0000000789e00000, 0x00000007d6e80000)
  object space 83968K, 4% used [0x0000000784c00000,0x0000000784fd1ac0,0x0000000789e00000)
 PSPermGen       total 21504K, used 14890K [0x000000077a600000, 0x000000077bb00000, 0x0000000784c00000)
  object space 21504K, 69% used [0x000000077a600000,0x000000077b48aa10,0x000000077bb00000)
Event: 138,508 GC heap after
Heap after GC invocations=168 (full 0):
 PSYoungGen      total 24064K, used 64K [0x00000007d6e80000, 0x00000007dbe80000, 0x0000000800000000)
  eden space 23552K, 0% used [0x00000007d6e80000,0x00000007d6e80000,0x00000007d8580000)
  from space 512K, 12% used [0x00000007dbe00000,0x00000007dbe10000,0x00000007dbe80000)
  to   space 512K, 0% used [0x00000007dbd80000,0x00000007dbd80000,0x00000007dbe00000)
 ParOldGen       total 83968K, used 3910K [0x0000000784c00000, 0x0000000789e00000, 0x00000007d6e80000)
  object space 83968K, 4% used [0x0000000784c00000,0x0000000784fd1ac0,0x0000000789e00000)
 PSPermGen       total 21504K, used 14890K [0x000000077a600000, 0x000000077bb00000, 0x0000000784c00000)
  object space 21504K, 69% used [0x000000077a600000,0x000000077b48aa10,0x000000077bb00000)
}
Event: 138,672 GC heap before
{Heap before GC invocations=169 (full 0):
 PSYoungGen      total 24064K, used 23616K [0x00000007d6e80000, 0x00000007dbe80000, 0x0000000800000000)
  eden space 23552K, 100% used [0x00000007d6e80000,0x00000007d8580000,0x00000007d8580000)
  from space 512K, 12% used [0x00000007dbe00000,0x00000007dbe10000,0x00000007dbe80000)
  to   space 512K, 0% used [0x00000007dbd80000,0x00000007dbd80000,0x00000007dbe00000)
 ParOldGen       total 83968K, used 3910K [0x0000000784c00000, 0x0000000789e00000, 0x00000007d6e80000)
  object space 83968K, 4% used [0x0000000784c00000,0x0000000784fd1ac0,0x0000000789e00000)
 PSPermGen       total 21504K, used 14890K [0x000000077a600000, 0x000000077bb00000, 0x0000000784c00000)
  object space 21504K, 69% used [0x000000077a600000,0x000000077b48aa10,0x000000077bb00000)
Event: 138,673 GC heap after
Heap after GC invocations=169 (full 0):
 PSYoungGen      total 24064K, used 64K [0x00000007d6e80000, 0x00000007dbe80000, 0x0000000800000000)
  eden space 23552K, 0% used [0x00000007d6e80000,0x00000007d6e80000,0x00000007d8580000)
  from space 512K, 12% used [0x00000007dbd80000,0x00000007dbd90000,0x00000007dbe00000)
  to   space 512K, 0% used [0x00000007dbe00000,0x00000007dbe00000,0x00000007dbe80000)
 ParOldGen       total 83968K, used 3910K [0x0000000784c00000, 0x0000000789e00000, 0x00000007d6e80000)
  object space 83968K, 4% used [0x0000000784c00000,0x0000000784fd1ac0,0x0000000789e00000)
 PSPermGen       total 21504K, used 14890K [0x000000077a600000, 0x000000077bb00000, 0x0000000784c00000)
  object space 21504K, 69% used [0x000000077a600000,0x000000077b48aa10,0x000000077bb00000)
}
Event: 138,841 GC heap before
{Heap before GC invocations=170 (full 0):
 PSYoungGen      total 24064K, used 23616K [0x00000007d6e80000, 0x00000007dbe80000, 0x0000000800000000)
  eden space 23552K, 100% used [0x00000007d6e80000,0x00000007d8580000,0x00000007d8580000)
  from space 512K, 12% used [0x00000007dbd80000,0x00000007dbd90000,0x00000007dbe00000)
  to   space 512K, 0% used [0x00000007dbe00000,0x00000007dbe00000,0x00000007dbe80000)
 ParOldGen       total 83968K, used 3910K [0x0000000784c00000, 0x0000000789e00000, 0x00000007d6e80000)
  object space 83968K, 4% used [0x0000000784c00000,0x0000000784fd1ac0,0x0000000789e00000)
 PSPermGen       total 21504K, used 14890K [0x000000077a600000, 0x000000077bb00000, 0x0000000784c00000)
  object space 21504K, 69% used [0x000000077a600000,0x000000077b48aa10,0x000000077bb00000)
Event: 138,842 GC heap after
Heap after GC invocations=170 (full 0):
 PSYoungGen      total 24064K, used 64K [0x00000007d6e80000, 0x00000007dbe80000, 0x0000000800000000)
  eden space 23552K, 0% used [0x00000007d6e80000,0x00000007d6e80000,0x00000007d8580000)
  from space 512K, 12% used [0x00000007dbe00000,0x00000007dbe10000,0x00000007dbe80000)
  to   space 512K, 0% used [0x00000007dbd80000,0x00000007dbd80000,0x00000007dbe00000)
 ParOldGen       total 83968K, used 3910K [0x0000000784c00000, 0x0000000789e00000, 0x00000007d6e80000)
  object space 83968K, 4% used [0x0000000784c00000,0x0000000784fd1ac0,0x0000000789e00000)
 PSPermGen       total 21504K, used 14890K [0x000000077a600000, 0x000000077bb00000, 0x0000000784c00000)
  object space 21504K, 69% used [0x000000077a600000,0x000000077b48aa10,0x000000077bb00000)
}
Event: 139,015 GC heap before
{Heap before GC invocations=171 (full 0):
 PSYoungGen      total 24064K, used 23616K [0x00000007d6e80000, 0x00000007dbe80000, 0x0000000800000000)
  eden space 23552K, 100% used [0x00000007d6e80000,0x00000007d8580000,0x00000007d8580000)
  from space 512K, 12% used [0x00000007dbe00000,0x00000007dbe10000,0x00000007dbe80000)
  to   space 512K, 0% used [0x00000007dbd80000,0x00000007dbd80000,0x00000007dbe00000)
 ParOldGen       total 83968K, used 3910K [0x0000000784c00000, 0x0000000789e00000, 0x00000007d6e80000)
  object space 83968K, 4% used [0x0000000784c00000,0x0000000784fd1ac0,0x0000000789e00000)
 PSPermGen       total 21504K, used 14890K [0x000000077a600000, 0x000000077bb00000, 0x0000000784c00000)
  object space 21504K, 69% used [0x000000077a600000,0x000000077b48aa10,0x000000077bb00000)
Event: 139,016 GC heap after
Heap after GC invocations=171 (full 0):
 PSYoungGen      total 24064K, used 64K [0x00000007d6e80000, 0x00000007dbe80000, 0x0000000800000000)
  eden space 23552K, 0% used [0x00000007d6e80000,0x00000007d6e80000,0x00000007d8580000)
  from space 512K, 12% used [0x00000007dbd80000,0x00000007dbd90000,0x00000007dbe00000)
  to   space 512K, 0% used [0x00000007dbe00000,0x00000007dbe00000,0x00000007dbe80000)
 ParOldGen       total 83968K, used 3910K [0x0000000784c00000, 0x0000000789e00000, 0x00000007d6e80000)
  object space 83968K, 4% used [0x0000000784c00000,0x0000000784fd1ac0,0x0000000789e00000)
 PSPermGen       total 21504K, used 14890K [0x000000077a600000, 0x000000077bb00000, 0x0000000784c00000)
  object space 21504K, 69% used [0x000000077a600000,0x000000077b48aa10,0x000000077bb00000)
}
Event: 139,234 GC heap before
{Heap before GC invocations=172 (full 0):
 PSYoungGen      total 24064K, used 23616K [0x00000007d6e80000, 0x00000007dbe80000, 0x0000000800000000)
  eden space 23552K, 100% used [0x00000007d6e80000,0x00000007d8580000,0x00000007d8580000)
  from space 512K, 12% used [0x00000007dbd80000,0x00000007dbd90000,0x00000007dbe00000)
  to   space 512K, 0% used [0x00000007dbe00000,0x00000007dbe00000,0x00000007dbe80000)
 ParOldGen       total 83968K, used 3910K [0x0000000784c00000, 0x0000000789e00000, 0x00000007d6e80000)
  object space 83968K, 4% used [0x0000000784c00000,0x0000000784fd1ac0,0x0000000789e00000)
 PSPermGen       total 21504K, used 14899K [0x000000077a600000, 0x000000077bb00000, 0x0000000784c00000)
  object space 21504K, 69% used [0x000000077a600000,0x000000077b48ce28,0x000000077bb00000)
Event: 139,235 GC heap after
Heap after GC invocations=172 (full 0):
 PSYoungGen      total 24064K, used 64K [0x00000007d6e80000, 0x00000007dbe80000, 0x0000000800000000)
  eden space 23552K, 0% used [0x00000007d6e80000,0x00000007d6e80000,0x00000007d8580000)
  from space 512K, 12% used [0x00000007dbe00000,0x00000007dbe10000,0x00000007dbe80000)
  to   space 512K, 0% used [0x00000007dbd80000,0x00000007dbd80000,0x00000007dbe00000)
 ParOldGen       total 83968K, used 3918K [0x0000000784c00000, 0x0000000789e00000, 0x00000007d6e80000)
  object space 83968K, 4% used [0x0000000784c00000,0x0000000784fd3ac0,0x0000000789e00000)
 PSPermGen       total 21504K, used 14899K [0x000000077a600000, 0x000000077bb00000, 0x0000000784c00000)
  object space 21504K, 69% used [0x000000077a600000,0x000000077b48ce28,0x000000077bb00000)
}

Deoptimization events (10 events):
Event: 2,038 Thread 0x00007fb3103db800 Uncommon trap: reason=class_check action=maybe_recompile pc=0x00007fb30d07aec4 method=java.lang.String.equals(Ljava/lang/Object;)Z @ 8
Event: 2,038 Thread 0x00007fb3103db800 Uncommon trap: reason=class_check action=maybe_recompile pc=0x00007fb30d07aec4 method=java.lang.String.equals(Ljava/lang/Object;)Z @ 8
Event: 2,038 Thread 0x00007fb3103db800 Uncommon trap: reason=class_check action=maybe_recompile pc=0x00007fb30d07aec4 method=java.lang.String.equals(Ljava/lang/Object;)Z @ 8
Event: 10,607 Thread 0x00007fb3103db800 Uncommon trap: reason=unreached action=reinterpret pc=0x00007fb30d0a44c8 method=sun.awt.image.ByteInterleavedRaster.getDataElements(IILjava/lang/Object;)Ljava/lang/Object; @ 43
Event: 16,635 Thread 0x00007fb3103db800 Uncommon trap: reason=null_check action=make_not_entrant pc=0x00007fb30d0b97fc method=javax.swing.RepaintManager.extendDirtyRegion(Ljava/awt/Component;IIII)Z @ 10
Event: 86,965 Thread 0x00007fb3103db800 Uncommon trap: reason=array_check action=maybe_recompile pc=0x00007fb30d1880f4 method=java.util.AbstractCollection.toArray([Ljava/lang/Object;)[Ljava/lang/Object; @ 119
Event: 86,966 Thread 0x00007fb3103db800 Uncommon trap: reason=array_check action=maybe_recompile pc=0x00007fb30d1880f4 method=java.util.AbstractCollection.toArray([Ljava/lang/Object;)[Ljava/lang/Object; @ 119
Event: 86,968 Thread 0x00007fb3103db800 Uncommon trap: reason=array_check action=maybe_recompile pc=0x00007fb30d1880f4 method=java.util.AbstractCollection.toArray([Ljava/lang/Object;)[Ljava/lang/Object; @ 119
Event: 86,969 Thread 0x00007fb3103db800 Uncommon trap: reason=array_check action=maybe_recompile pc=0x00007fb30d1880f4 method=java.util.AbstractCollection.toArray([Ljava/lang/Object;)[Ljava/lang/Object; @ 119
Event: 139,472 Thread 0x00007fb2a8001800 Uncommon trap: reason=unreached action=reinterpret pc=0x00007fb30d17a868 method=java.lang.ThreadLocal.get()Ljava/lang/Object; @ 11

Internal exceptions (10 events):
Event: 139,483 Thread 0x00007fb3103db800 Threw 0x00000007d7de9e58 at /build/buildd/openjdk-7-7u51-2.4.4/build/openjdk/hotspot/src/share/vm/prims/jni.cpp:717
Event: 139,483 Thread 0x00007fb3103db800 Threw 0x00000007d7dea1f0 at /build/buildd/openjdk-7-7u51-2.4.4/build/openjdk/hotspot/src/share/vm/prims/jni.cpp:717
Event: 139,483 Thread 0x00007fb3103db800 Threw 0x00000007d7dea4a0 at /build/buildd/openjdk-7-7u51-2.4.4/build/openjdk/hotspot/src/share/vm/prims/jni.cpp:717
Event: 139,483 Thread 0x00007fb3103db800 Threw 0x00000007d7dea720 at /build/buildd/openjdk-7-7u51-2.4.4/build/openjdk/hotspot/src/share/vm/prims/jni.cpp:717
Event: 139,483 Thread 0x00007fb3103db800 Threw 0x00000007d7deaa20 at /build/buildd/openjdk-7-7u51-2.4.4/build/openjdk/hotspot/src/share/vm/prims/jni.cpp:717
Event: 139,483 Thread 0x00007fb3103db800 Threw 0x00000007d7deacd0 at /build/buildd/openjdk-7-7u51-2.4.4/build/openjdk/hotspot/src/share/vm/prims/jni.cpp:717
Event: 139,483 Thread 0x00007fb3103db800 Threw 0x00000007d7deaf50 at /build/buildd/openjdk-7-7u51-2.4.4/build/openjdk/hotspot/src/share/vm/prims/jni.cpp:717
Event: 139,483 Thread 0x00007fb3103db800 Threw 0x00000007d7deb2e0 at /build/buildd/openjdk-7-7u51-2.4.4/build/openjdk/hotspot/src/share/vm/prims/jni.cpp:717
Event: 139,483 Thread 0x00007fb3103db800 Threw 0x00000007d7deb590 at /build/buildd/openjdk-7-7u51-2.4.4/build/openjdk/hotspot/src/share/vm/prims/jni.cpp:717
Event: 139,483 Thread 0x00007fb3103db800 Threw 0x00000007d7deb810 at /build/buildd/openjdk-7-7u51-2.4.4/build/openjdk/hotspot/src/share/vm/prims/jni.cpp:717

Events (10 events):
Event: 139,469 loading class 0x00007fb314a95d10 done
Event: 139,472 Thread 0x00007fb2e0001000 Thread added: 0x00007fb2e0001000
Event: 139,472 Thread 0x00007fb2a8001800 Thread added: 0x00007fb2a8001800
Event: 139,472 loading class 0x00007fb2d402c940
Event: 139,472 loading class 0x00007fb2d420f1c0
Event: 139,472 loading class 0x00007fb2d420f1c0 done
Event: 139,472 loading class 0x00007fb2d402c940 done
Event: 139,472 Thread 0x00007fb2a8001800 Uncommon trap: trap_request=0xffffffad fr.pc=0x00007fb30d17a868
Event: 139,472 Thread 0x00007fb2a8001800 DEOPT PACKING pc=0x00007fb30d17a868 sp=0x00007fb2c0f94b00
Event: 139,472 Thread 0x00007fb2a8001800 DEOPT UNPACKING pc=0x00007fb30d039445 sp=0x00007fb2c0f94a70 mode 2


Dynamic libraries:
00400000-00401000 r-xp 00000000 08:06 5770596                            /usr/lib/jvm/java-7-openjdk-amd64/jre/bin/java
00600000-00601000 r--p 00000000 08:06 5770596                            /usr/lib/jvm/java-7-openjdk-amd64/jre/bin/java
00601000-00602000 rw-p 00001000 08:06 5770596                            /usr/lib/jvm/java-7-openjdk-amd64/jre/bin/java
0096f000-00990000 rw-p 00000000 00:00 0                                  [heap]
77a600000-77bb00000 rw-p 00000000 00:00 0 
77bb00000-784c00000 rw-p 00000000 00:00 0 
784c00000-789e00000 rw-p 00000000 00:00 0 
789e00000-7d6e80000 rw-p 00000000 00:00 0 
7d6e80000-7dbe80000 rw-p 00000000 00:00 0 
7dbe80000-7df680000 ---p 00000000 00:00 0 
7df680000-800000000 rw-p 00000000 00:00 0 
7fb288000000-7fb288021000 rw-p 00000000 00:00 0 
7fb288021000-7fb28c000000 ---p 00000000 00:00 0 
7fb290000000-7fb290021000 rw-p 00000000 00:00 0 
7fb290021000-7fb294000000 ---p 00000000 00:00 0 
7fb297461000-7fb29756a000 rw-s 00000000 00:04 53542929                   /SYSV00000000 (deleted)
7fb29756a000-7fb29adf9000 r--p 00000000 08:06 6442113                    /usr/share/icons/hicolor/icon-theme.cache
7fb29adf9000-7fb2a0000000 r--p 00000000 08:06 6447427                    /usr/share/icons/gnome/icon-theme.cache
7fb2a0000000-7fb2a03fa000 rw-p 00000000 00:00 0 
7fb2a03fa000-7fb2a4000000 ---p 00000000 00:00 0 
7fb2a4000000-7fb2a4021000 rw-p 00000000 00:00 0 
7fb2a4021000-7fb2a8000000 ---p 00000000 00:00 0 
7fb2a8000000-7fb2a8022000 rw-p 00000000 00:00 0 
7fb2a8022000-7fb2ac000000 ---p 00000000 00:00 0 
7fb2ac000000-7fb2ac021000 rw-p 00000000 00:00 0 
7fb2ac021000-7fb2b0000000 ---p 00000000 00:00 0 
7fb2b0000000-7fb2b0021000 rw-p 00000000 00:00 0 
7fb2b0021000-7fb2b4000000 ---p 00000000 00:00 0 
7fb2b4000000-7fb2b4022000 rw-p 00000000 00:00 0 
7fb2b4022000-7fb2b8000000 ---p 00000000 00:00 0 
7fb2b8000000-7fb2b8022000 rw-p 00000000 00:00 0 
7fb2b8022000-7fb2bc000000 ---p 00000000 00:00 0 
7fb2bc000000-7fb2bc021000 rw-p 00000000 00:00 0 
7fb2bc021000-7fb2c0000000 ---p 00000000 00:00 0 
7fb2c0099000-7fb2c009c000 ---p 00000000 00:00 0 
7fb2c009c000-7fb2c019a000 rw-p 00000000 00:00 0                          [stack:7134]
7fb2c019a000-7fb2c019d000 ---p 00000000 00:00 0 
7fb2c019d000-7fb2c029b000 rw-p 00000000 00:00 0 
7fb2c029b000-7fb2c02bc000 r-xp 00000000 08:06 9178968                    /lib/x86_64-linux-gnu/liblzma.so.5.0.0
7fb2c02bc000-7fb2c04bb000 ---p 00021000 08:06 9178968                    /lib/x86_64-linux-gnu/liblzma.so.5.0.0
7fb2c04bb000-7fb2c04bc000 r--p 00020000 08:06 9178968                    /lib/x86_64-linux-gnu/liblzma.so.5.0.0
7fb2c04bc000-7fb2c04bd000 rw-p 00021000 08:06 9178968                    /lib/x86_64-linux-gnu/liblzma.so.5.0.0
7fb2c04bd000-7fb2c0619000 r-xp 00000000 08:06 4989363                    /usr/lib/x86_64-linux-gnu/libxml2.so.2.9.1
7fb2c0619000-7fb2c0818000 ---p 0015c000 08:06 4989363                    /usr/lib/x86_64-linux-gnu/libxml2.so.2.9.1
7fb2c0818000-7fb2c0820000 r--p 0015b000 08:06 4989363                    /usr/lib/x86_64-linux-gnu/libxml2.so.2.9.1
7fb2c0820000-7fb2c0822000 rw-p 00163000 08:06 4989363                    /usr/lib/x86_64-linux-gnu/libxml2.so.2.9.1
7fb2c0822000-7fb2c0823000 rw-p 00000000 00:00 0 
7fb2c0823000-7fb2c085a000 r-xp 00000000 08:06 4988573                    /usr/lib/x86_64-linux-gnu/libcroco-0.6.so.3.0.1
7fb2c085a000-7fb2c0a5a000 ---p 00037000 08:06 4988573                    /usr/lib/x86_64-linux-gnu/libcroco-0.6.so.3.0.1
7fb2c0a5a000-7fb2c0a5d000 r--p 00037000 08:06 4988573                    /usr/lib/x86_64-linux-gnu/libcroco-0.6.so.3.0.1
7fb2c0a5d000-7fb2c0a5e000 rw-p 0003a000 08:06 4988573                    /usr/lib/x86_64-linux-gnu/libcroco-0.6.so.3.0.1
7fb2c0a5e000-7fb2c0a92000 r-xp 00000000 08:06 4995644                    /usr/lib/x86_64-linux-gnu/librsvg-2.so.2.36.4
7fb2c0a92000-7fb2c0c91000 ---p 00034000 08:06 4995644                    /usr/lib/x86_64-linux-gnu/librsvg-2.so.2.36.4
7fb2c0c91000-7fb2c0c92000 r--p 00033000 08:06 4995644                    /usr/lib/x86_64-linux-gnu/librsvg-2.so.2.36.4
7fb2c0c92000-7fb2c0c93000 rw-p 00034000 08:06 4995644                    /usr/lib/x86_64-linux-gnu/librsvg-2.so.2.36.4
7fb2c0c93000-7fb2c0c95000 r-xp 00000000 08:06 5374392                    /usr/lib/x86_64-linux-gnu/gdk-pixbuf-2.0/2.10.0/loaders/libpixbufloader-svg.so
7fb2c0c95000-7fb2c0e94000 ---p 00002000 08:06 5374392                    /usr/lib/x86_64-linux-gnu/gdk-pixbuf-2.0/2.10.0/loaders/libpixbufloader-svg.so
7fb2c0e94000-7fb2c0e95000 r--p 00001000 08:06 5374392                    /usr/lib/x86_64-linux-gnu/gdk-pixbuf-2.0/2.10.0/loaders/libpixbufloader-svg.so
7fb2c0e95000-7fb2c0e96000 rw-p 00002000 08:06 5374392                    /usr/lib/x86_64-linux-gnu/gdk-pixbuf-2.0/2.10.0/loaders/libpixbufloader-svg.so
7fb2c0e96000-7fb2c0e99000 ---p 00000000 00:00 0 
7fb2c0e99000-7fb2c0f97000 rw-p 00000000 00:00 0                          [stack:7135]
7fb2c0f97000-7fb2c0f9a000 ---p 00000000 00:00 0 
7fb2c0f9a000-7fb2c1098000 rw-p 00000000 00:00 0                          [stack:6831]
7fb2c10f5000-7fb2c1186000 rw-s 00000000 00:04 52690957                   /SYSV00000000 (deleted)
7fb2c1240000-7fb2c12a0000 rw-s 00000000 00:04 52658188                   /SYSV00000000 (deleted)
7fb2c12a0000-7fb2c1320000 rw-s 00000000 00:04 52625418                   /SYSV00000000 (deleted)
7fb2c1320000-7fb2c1323000 ---p 00000000 00:00 0 
7fb2c1323000-7fb2c1421000 rw-p 00000000 00:00 0                          [stack:6830]
7fb2c1421000-7fb2c1424000 ---p 00000000 00:00 0 
7fb2c1424000-7fb2c1522000 rw-p 00000000 00:00 0                          [stack:6829]
7fb2c1522000-7fb2c1523000 ---p 00000000 00:00 0 
7fb2c1523000-7fb2c1d23000 rw-p 00000000 00:00 0 
7fb2c1d23000-7fb2c1d24000 ---p 00000000 00:00 0 
7fb2c1d24000-7fb2c2524000 rw-p 00000000 00:00 0 
7fb2c2524000-7fb2c2525000 ---p 00000000 00:00 0 
7fb2c2525000-7fb2c2d25000 rw-p 00000000 00:00 0                          [stack:6825]
7fb2c2d25000-7fb2c2d35000 r-xp 00000000 08:06 9175135                    /lib/x86_64-linux-gnu/libudev.so.1.3.5
7fb2c2d35000-7fb2c2f34000 ---p 00010000 08:06 9175135                    /lib/x86_64-linux-gnu/libudev.so.1.3.5
7fb2c2f34000-7fb2c2f35000 r--p 0000f000 08:06 9175135                    /lib/x86_64-linux-gnu/libudev.so.1.3.5
7fb2c2f35000-7fb2c2f36000 rw-p 00010000 08:06 9175135                    /lib/x86_64-linux-gnu/libudev.so.1.3.5
7fb2c2f36000-7fb2c2f6a000 r-xp 00000000 08:06 5375579                    /usr/lib/x86_64-linux-gnu/gvfs/libgvfscommon.so
7fb2c2f6a000-7fb2c316a000 ---p 00034000 08:06 5375579                    /usr/lib/x86_64-linux-gnu/gvfs/libgvfscommon.so
7fb2c316a000-7fb2c316f000 r--p 00034000 08:06 5375579                    /usr/lib/x86_64-linux-gnu/gvfs/libgvfscommon.so
7fb2c316f000-7fb2c3170000 rw-p 00039000 08:06 5375579                    /usr/lib/x86_64-linux-gnu/gvfs/libgvfscommon.so
7fb2c3170000-7fb2c319f000 r-xp 00000000 08:06 5375278                    /usr/lib/x86_64-linux-gnu/gio/modules/libgvfsdbus.so
7fb2c319f000-7fb2c339f000 ---p 0002f000 08:06 5375278                    /usr/lib/x86_64-linux-gnu/gio/modules/libgvfsdbus.so
7fb2c339f000-7fb2c33a0000 r--p 0002f000 08:06 5375278                    /usr/lib/x86_64-linux-gnu/gio/modules/libgvfsdbus.so
7fb2c33a0000-7fb2c33a1000 rw-p 00030000 08:06 5375278                    /usr/lib/x86_64-linux-gnu/gio/modules/libgvfsdbus.so
7fb2c33a1000-7fb2c33a2000 rw-p 00000000 00:00 0 
7fb2c33a2000-7fb2c33f5000 r-xp 00000000 08:06 4983733                    /usr/lib/x86_64-linux-gnu/libibus-1.0.so.5.0.503
7fb2c33f5000-7fb2c35f4000 ---p 00053000 08:06 4983733                    /usr/lib/x86_64-linux-gnu/libibus-1.0.so.5.0.503
7fb2c35f4000-7fb2c35f6000 r--p 00052000 08:06 4983733                    /usr/lib/x86_64-linux-gnu/libibus-1.0.so.5.0.503
7fb2c35f6000-7fb2c35f7000 rw-p 00054000 08:06 4983733                    /usr/lib/x86_64-linux-gnu/libibus-1.0.so.5.0.503
7fb2c35f7000-7fb2c35f8000 rw-p 00000000 00:00 0 
7fb2c35f8000-7fb2c35fe000 r-xp 00000000 08:06 5375581                    /usr/lib/x86_64-linux-gnu/gtk-2.0/2.10.0/immodules/im-ibus.so
7fb2c35fe000-7fb2c37fd000 ---p 00006000 08:06 5375581                    /usr/lib/x86_64-linux-gnu/gtk-2.0/2.10.0/immodules/im-ibus.so
7fb2c37fd000-7fb2c37fe000 r--p 00005000 08:06 5375581                    /usr/lib/x86_64-linux-gnu/gtk-2.0/2.10.0/immodules/im-ibus.so
7fb2c37fe000-7fb2c37ff000 rw-p 00006000 08:06 5375581                    /usr/lib/x86_64-linux-gnu/gtk-2.0/2.10.0/immodules/im-ibus.so
7fb2c37ff000-7fb2c3800000 ---p 00000000 00:00 0 
7fb2c3800000-7fb2c4000000 rw-p 00000000 00:00 0                          [stack:6824]
7fb2c4000000-7fb2c4021000 rw-p 00000000 00:00 0 
7fb2c4021000-7fb2c8000000 ---p 00000000 00:00 0 
7fb2c8000000-7fb2c8021000 rw-p 00000000 00:00 0 
7fb2c8021000-7fb2cc000000 ---p 00000000 00:00 0 
7fb2cc000000-7fb2cc021000 rw-p 00000000 00:00 0 
7fb2cc021000-7fb2d0000000 ---p 00000000 00:00 0 
7fb2d0000000-7fb2d0021000 rw-p 00000000 00:00 0 
7fb2d0021000-7fb2d4000000 ---p 00000000 00:00 0 
7fb2d4000000-7fb2d65f1000 rw-p 00000000 00:00 0 
7fb2d65f1000-7fb2d8000000 ---p 00000000 00:00 0 
7fb2d8000000-7fb2d87d3000 rw-p 00000000 00:00 0 
7fb2d87d3000-7fb2dc000000 ---p 00000000 00:00 0 
7fb2dc000000-7fb2dc021000 rw-p 00000000 00:00 0 
7fb2dc021000-7fb2e0000000 ---p 00000000 00:00 0 
7fb2e0000000-7fb2e0021000 rw-p 00000000 00:00 0 
7fb2e0021000-7fb2e4000000 ---p 00000000 00:00 0 
7fb2e4000000-7fb2e4021000 rw-p 00000000 00:00 0 
7fb2e4021000-7fb2e8000000 ---p 00000000 00:00 0 
7fb2e800d000-7fb2e805f000 r--p 00000000 08:06 6030870                    /usr/share/fonts/truetype/dejavu/DejaVuSansMono.ttf
7fb2e805f000-7fb2e80b6000 r--p 00000000 08:06 6031019                    /usr/share/fonts/truetype/ubuntu-font-family/Ubuntu-R.ttf
7fb2e80b6000-7fb2e80c6000 r-xp 00000000 08:06 5769451                    /usr/lib/jvm/java-7-openjdk-amd64/jre/lib/amd64/libnio.so
7fb2e80c6000-7fb2e82c6000 ---p 00010000 08:06 5769451                    /usr/lib/jvm/java-7-openjdk-amd64/jre/lib/amd64/libnio.so
7fb2e82c6000-7fb2e82c7000 r--p 00010000 08:06 5769451                    /usr/lib/jvm/java-7-openjdk-amd64/jre/lib/amd64/libnio.so
7fb2e82c7000-7fb2e82c8000 rw-p 00011000 08:06 5769451                    /usr/lib/jvm/java-7-openjdk-amd64/jre/lib/amd64/libnio.so
7fb2e82c8000-7fb2e82de000 r-xp 00000000 08:06 5767395                    /usr/lib/jvm/java-7-openjdk-amd64/jre/lib/amd64/libnet.so
7fb2e82de000-7fb2e84dd000 ---p 00016000 08:06 5767395                    /usr/lib/jvm/java-7-openjdk-amd64/jre/lib/amd64/libnet.so
7fb2e84dd000-7fb2e84de000 r--p 00015000 08:06 5767395                    /usr/lib/jvm/java-7-openjdk-amd64/jre/lib/amd64/libnet.so
7fb2e84de000-7fb2e84df000 rw-p 00016000 08:06 5767395                    /usr/lib/jvm/java-7-openjdk-amd64/jre/lib/amd64/libnet.so
7fb2e84df000-7fb2e8530000 r-xp 00000000 08:06 5767905                    /usr/lib/jvm/java-7-openjdk-amd64/jre/lib/amd64/libfontmanager.so
7fb2e8530000-7fb2e872f000 ---p 00051000 08:06 5767905                    /usr/lib/jvm/java-7-openjdk-amd64/jre/lib/amd64/libfontmanager.so
7fb2e872f000-7fb2e8732000 r--p 00050000 08:06 5767905                    /usr/lib/jvm/java-7-openjdk-amd64/jre/lib/amd64/libfontmanager.so
7fb2e8732000-7fb2e8733000 rw-p 00053000 08:06 5767905                    /usr/lib/jvm/java-7-openjdk-amd64/jre/lib/amd64/libfontmanager.so
7fb2e8733000-7fb2e8734000 ---p 00000000 00:00 0 
7fb2e8734000-7fb2e8f34000 rw-p 00000000 00:00 0                          [stack:6823]
7fb2e8f34000-7fb2e8f3f000 r-xp 00000000 08:06 5375273                    /usr/lib/x86_64-linux-gnu/gio/modules/libdconfsettings.so
7fb2e8f3f000-7fb2e913e000 ---p 0000b000 08:06 5375273                    /usr/lib/x86_64-linux-gnu/gio/modules/libdconfsettings.so
7fb2e913e000-7fb2e913f000 r--p 0000a000 08:06 5375273                    /usr/lib/x86_64-linux-gnu/gio/modules/libdconfsettings.so
7fb2e913f000-7fb2e9140000 rw-p 0000b000 08:06 5375273                    /usr/lib/x86_64-linux-gnu/gio/modules/libdconfsettings.so
7fb2e9140000-7fb2e9147000 r-xp 00000000 08:06 4989068                    /usr/lib/x86_64-linux-gnu/libogg.so.0.8.1
7fb2e9147000-7fb2e9347000 ---p 00007000 08:06 4989068                    /usr/lib/x86_64-linux-gnu/libogg.so.0.8.1
7fb2e9347000-7fb2e9348000 r--p 00007000 08:06 4989068                    /usr/lib/x86_64-linux-gnu/libogg.so.0.8.1
7fb2e9348000-7fb2e9349000 rw-p 00008000 08:06 4989068                    /usr/lib/x86_64-linux-gnu/libogg.so.0.8.1
7fb2e9349000-7fb2e9374000 r-xp 00000000 08:06 4989299                    /usr/lib/x86_64-linux-gnu/libvorbis.so.0.4.5
7fb2e9374000-7fb2e9574000 ---p 0002b000 08:06 4989299                    /usr/lib/x86_64-linux-gnu/libvorbis.so.0.4.5
7fb2e9574000-7fb2e9575000 r--p 0002b000 08:06 4989299                    /usr/lib/x86_64-linux-gnu/libvorbis.so.0.4.5
7fb2e9575000-7fb2e9576000 rw-p 0002c000 08:06 4989299                    /usr/lib/x86_64-linux-gnu/libvorbis.so.0.4.5
7fb2e9576000-7fb2e957f000 r-xp 00000000 08:06 4988990                    /usr/lib/x86_64-linux-gnu/libltdl.so.7.3.0
7fb2e957f000-7fb2e977e000 ---p 00009000 08:06 4988990                    /usr/lib/x86_64-linux-gnu/libltdl.so.7.3.0
7fb2e977e000-7fb2e977f000 r--p 00008000 08:06 4988990                    /usr/lib/x86_64-linux-gnu/libltdl.so.7.3.0
7fb2e977f000-7fb2e9780000 rw-p 00009000 08:06 4988990                    /usr/lib/x86_64-linux-gnu/libltdl.so.7.3.0
7fb2e9780000-7fb2e9792000 r-xp 00000000 08:06 4989232                    /usr/lib/x86_64-linux-gnu/libtdb.so.1.2.11
7fb2e9792000-7fb2e9991000 ---p 00012000 08:06 4989232                    /usr/lib/x86_64-linux-gnu/libtdb.so.1.2.11
7fb2e9991000-7fb2e9992000 r--p 00011000 08:06 4989232                    /usr/lib/x86_64-linux-gnu/libtdb.so.1.2.11
7fb2e9992000-7fb2e9993000 rw-p 00012000 08:06 4989232                    /usr/lib/x86_64-linux-gnu/libtdb.so.1.2.11
7fb2e9993000-7fb2e999a000 r-xp 00000000 08:06 4989303                    /usr/lib/x86_64-linux-gnu/libvorbisfile.so.3.3.4
7fb2e999a000-7fb2e9b99000 ---p 00007000 08:06 4989303                    /usr/lib/x86_64-linux-gnu/libvorbisfile.so.3.3.4
7fb2e9b99000-7fb2e9b9a000 r--p 00006000 08:06 4989303                    /usr/lib/x86_64-linux-gnu/libvorbisfile.so.3.3.4
7fb2e9b9a000-7fb2e9b9b000 rw-p 00007000 08:06 4989303                    /usr/lib/x86_64-linux-gnu/libvorbisfile.so.3.3.4
7fb2e9b9b000-7fb2e9baa000 r-xp 00000000 08:06 4988533                    /usr/lib/x86_64-linux-gnu/libcanberra.so.0.2.5
7fb2e9baa000-7fb2e9da9000 ---p 0000f000 08:06 4988533                    /usr/lib/x86_64-linux-gnu/libcanberra.so.0.2.5
7fb2e9da9000-7fb2e9daa000 r--p 0000e000 08:06 4988533                    /usr/lib/x86_64-linux-gnu/libcanberra.so.0.2.5
7fb2e9daa000-7fb2e9dab000 rw-p 0000f000 08:06 4988533                    /usr/lib/x86_64-linux-gnu/libcanberra.so.0.2.5
7fb2e9dab000-7fb2e9daf000 r-xp 00000000 08:06 4988529                    /usr/lib/x86_64-linux-gnu/libcanberra-gtk.so.0.1.9
7fb2e9daf000-7fb2e9fae000 ---p 00004000 08:06 4988529                    /usr/lib/x86_64-linux-gnu/libcanberra-gtk.so.0.1.9
7fb2e9fae000-7fb2e9faf000 r--p 00003000 08:06 4988529                    /usr/lib/x86_64-linux-gnu/libcanberra-gtk.so.0.1.9
7fb2e9faf000-7fb2e9fb0000 rw-p 00004000 08:06 4988529                    /usr/lib/x86_64-linux-gnu/libcanberra-gtk.so.0.1.9
7fb2e9fb0000-7fb2e9fb5000 r-xp 00000000 08:06 5375529                    /usr/lib/x86_64-linux-gnu/gtk-2.0/modules/libcanberra-gtk-module.so
7fb2e9fb5000-7fb2ea1b4000 ---p 00005000 08:06 5375529                    /usr/lib/x86_64-linux-gnu/gtk-2.0/modules/libcanberra-gtk-module.so
7fb2ea1b4000-7fb2ea1b5000 r--p 00004000 08:06 5375529                    /usr/lib/x86_64-linux-gnu/gtk-2.0/modules/libcanberra-gtk-module.so
7fb2ea1b5000-7fb2ea1b6000 rw-p 00005000 08:06 5375529                    /usr/lib/x86_64-linux-gnu/gtk-2.0/modules/libcanberra-gtk-module.so
7fb2ea1b6000-7fb2ea1e5000 r-xp 00000000 08:06 5375511                    /usr/lib/x86_64-linux-gnu/gtk-2.0/2.10.0/engines/libmurrine.so
7fb2ea1e5000-7fb2ea3e5000 ---p 0002f000 08:06 5375511                    /usr/lib/x86_64-linux-gnu/gtk-2.0/2.10.0/engines/libmurrine.so
7fb2ea3e5000-7fb2ea3e6000 r--p 0002f000 08:06 5375511                    /usr/lib/x86_64-linux-gnu/gtk-2.0/2.10.0/engines/libmurrine.so
7fb2ea3e6000-7fb2ea3e7000 rw-p 00030000 08:06 5375511                    /usr/lib/x86_64-linux-gnu/gtk-2.0/2.10.0/engines/libmurrine.so
7fb2ea3e7000-7fb2ea3f5000 r-xp 00000000 08:06 4989272                    /usr/lib/x86_64-linux-gnu/libunity-gtk2-parser.so.0.0.0
7fb2ea3f5000-7fb2ea5f5000 ---p 0000e000 08:06 4989272                    /usr/lib/x86_64-linux-gnu/libunity-gtk2-parser.so.0.0.0
7fb2ea5f5000-7fb2ea5f6000 r--p 0000e000 08:06 4989272                    /usr/lib/x86_64-linux-gnu/libunity-gtk2-parser.so.0.0.0
7fb2ea5f6000-7fb2ea5f7000 rw-p 0000f000 08:06 4989272                    /usr/lib/x86_64-linux-gnu/libunity-gtk2-parser.so.0.0.0
7fb2ea5f7000-7fb2ea5fb000 r-xp 00000000 08:06 5375533                    /usr/lib/x86_64-linux-gnu/gtk-2.0/modules/libunity-gtk-module.so
7fb2ea5fb000-7fb2ea7fb000 ---p 00004000 08:06 5375533                    /usr/lib/x86_64-linux-gnu/gtk-2.0/modules/libunity-gtk-module.so
7fb2ea7fb000-7fb2ea7fc000 r--p 00004000 08:06 5375533                    /usr/lib/x86_64-linux-gnu/gtk-2.0/modules/libunity-gtk-module.so
7fb2ea7fc000-7fb2ea7fd000 rw-p 00005000 08:06 5375533                    /usr/lib/x86_64-linux-gnu/gtk-2.0/modules/libunity-gtk-module.so
7fb2ea7fd000-7fb2ea80e000 r-xp 00000000 08:06 5375532                    /usr/lib/x86_64-linux-gnu/gtk-2.0/modules/liboverlay-scrollbar.so
7fb2ea80e000-7fb2eaa0d000 ---p 00011000 08:06 5375532                    /usr/lib/x86_64-linux-gnu/gtk-2.0/modules/liboverlay-scrollbar.so
7fb2eaa0d000-7fb2eaa0e000 r--p 00010000 08:06 5375532                    /usr/lib/x86_64-linux-gnu/gtk-2.0/modules/liboverlay-scrollbar.so
7fb2eaa0e000-7fb2eaa0f000 rw-p 00011000 08:06 5375532                    /usr/lib/x86_64-linux-gnu/gtk-2.0/modules/liboverlay-scrollbar.so
7fb2eaa0f000-7fb2eaa12000 ---p 00000000 00:00 0 
7fb2eaa12000-7fb2eab10000 rw-p 00000000 00:00 0                          [stack:6822]
7fb2eab10000-7fb2eab13000 ---p 00000000 00:00 0 
7fb2eab13000-7fb2eac11000 rw-p 00000000 00:00 0                          [stack:6821]
7fb2eac11000-7fb2eac15000 r-xp 00000000 08:06 9178951                    /lib/x86_64-linux-gnu/libgpg-error.so.0.10.0
7fb2eac15000-7fb2eae14000 ---p 00004000 08:06 9178951                    /lib/x86_64-linux-gnu/libgpg-error.so.0.10.0
7fb2eae14000-7fb2eae15000 r--p 00003000 08:06 9178951                    /lib/x86_64-linux-gnu/libgpg-error.so.0.10.0
7fb2eae15000-7fb2eae16000 rw-p 00004000 08:06 9178951                    /lib/x86_64-linux-gnu/libgpg-error.so.0.10.0
7fb2eae16000-7fb2eae18000 r-xp 00000000 08:06 9178963                    /lib/x86_64-linux-gnu/libkeyutils.so.1.4
7fb2eae18000-7fb2eb018000 ---p 00002000 08:06 9178963                    /lib/x86_64-linux-gnu/libkeyutils.so.1.4
7fb2eb018000-7fb2eb019000 r--p 00002000 08:06 9178963                    /lib/x86_64-linux-gnu/libkeyutils.so.1.4
7fb2eb019000-7fb2eb01a000 rw-p 00003000 08:06 9178963                    /lib/x86_64-linux-gnu/libkeyutils.so.1.4
7fb2eb01a000-7fb2eb032000 r-xp 00000000 08:06 4988802                    /usr/lib/x86_64-linux-gnu/libgraphite2.so.3.0.1
7fb2eb032000-7fb2eb231000 ---p 00018000 08:06 4988802                    /usr/lib/x86_64-linux-gnu/libgraphite2.so.3.0.1
7fb2eb231000-7fb2eb233000 r--p 00017000 08:06 4988802                    /usr/lib/x86_64-linux-gnu/libgraphite2.so.3.0.1
7fb2eb233000-7fb2eb234000 rw-p 00019000 08:06 4988802                    /usr/lib/x86_64-linux-gnu/libgraphite2.so.3.0.1
7fb2eb234000-7fb2eb278000 r-xp 00000000 08:06 9178932                    /lib/x86_64-linux-gnu/libdbus-1.so.3.7.4
7fb2eb278000-7fb2eb477000 ---p 00044000 08:06 9178932                    /lib/x86_64-linux-gnu/libdbus-1.so.3.7.4
7fb2eb477000-7fb2eb478000 r--p 00043000 08:06 9178932                    /lib/x86_64-linux-gnu/libdbus-1.so.3.7.4
7fb2eb478000-7fb2eb479000 rw-p 00044000 08:06 9178932                    /lib/x86_64-linux-gnu/libdbus-1.so.3.7.4
7fb2eb479000-7fb2eb497000 r-xp 00000000 08:06 4989076                    /usr/lib/x86_64-linux-gnu/libp11-kit.so.0.0.0
7fb2eb497000-7fb2eb696000 ---p 0001e000 08:06 4989076                    /usr/lib/x86_64-linux-gnu/libp11-kit.so.0.0.0
7fb2eb696000-7fb2eb698000 r--p 0001d000 08:06 4989076                    /usr/lib/x86_64-linux-gnu/libp11-kit.so.0.0.0
7fb2eb698000-7fb2eb699000 rw-p 0001f000 08:06 4989076                    /usr/lib/x86_64-linux-gnu/libp11-kit.so.0.0.0
7fb2eb699000-7fb2eb6a9000 r-xp 00000000 08:06 4989230                    /usr/lib/x86_64-linux-gnu/libtasn1.so.3.2.0
7fb2eb6a9000-7fb2eb8a8000 ---p 00010000 08:06 4989230                    /usr/lib/x86_64-linux-gnu/libtasn1.so.3.2.0
7fb2eb8a8000-7fb2eb8a9000 r--p 0000f000 08:06 4989230                    /usr/lib/x86_64-linux-gnu/libtasn1.so.3.2.0
7fb2eb8a9000-7fb2eb8aa000 rw-p 00010000 08:06 4989230                    /usr/lib/x86_64-linux-gnu/libtasn1.so.3.2.0
7fb2eb8aa000-7fb2eb924000 r-xp 00000000 08:06 9178947                    /lib/x86_64-linux-gnu/libgcrypt.so.11.7.0
7fb2eb924000-7fb2ebb24000 ---p 0007a000 08:06 9178947                    /lib/x86_64-linux-gnu/libgcrypt.so.11.7.0
7fb2ebb24000-7fb2ebb25000 r--p 0007a000 08:06 9178947                    /lib/x86_64-linux-gnu/libgcrypt.so.11.7.0
7fb2ebb25000-7fb2ebb28000 rw-p 0007b000 08:06 9178947                    /lib/x86_64-linux-gnu/libgcrypt.so.11.7.0
7fb2ebb28000-7fb2ebb2f000 r-xp 00000000 08:06 4988975                    /usr/lib/x86_64-linux-gnu/libkrb5support.so.0.1
7fb2ebb2f000-7fb2ebd2e000 ---p 00007000 08:06 4988975                    /usr/lib/x86_64-linux-gnu/libkrb5support.so.0.1
7fb2ebd2e000-7fb2ebd2f000 r--p 00006000 08:06 4988975                    /usr/lib/x86_64-linux-gnu/libkrb5support.so.0.1
7fb2ebd2f000-7fb2ebd30000 rw-p 00007000 08:06 4988975                    /usr/lib/x86_64-linux-gnu/libkrb5support.so.0.1
7fb2ebd30000-7fb2f0000000 rw-p 00000000 00:00 0 
7fb2f0000000-7fb2f0021000 rw-p 00000000 00:00 0 
7fb2f0021000-7fb2f4000000 ---p 00000000 00:00 0 
7fb2f4000000-7fb2f4021000 rw-p 00000000 00:00 0 
7fb2f4021000-7fb2f8000000 ---p 00000000 00:00 0 
7fb2f8000000-7fb2f8021000 rw-p 00000000 00:00 0 
7fb2f8021000-7fb2fc000000 ---p 00000000 00:00 0 
7fb2fc01b000-7fb2fc01e000 r-xp 00000000 08:06 9178927                    /lib/x86_64-linux-gnu/libcom_err.so.2.1
7fb2fc01e000-7fb2fc21d000 ---p 00003000 08:06 9178927                    /lib/x86_64-linux-gnu/libcom_err.so.2.1
7fb2fc21d000-7fb2fc21e000 r--p 00002000 08:06 9178927                    /lib/x86_64-linux-gnu/libcom_err.so.2.1
7fb2fc21e000-7fb2fc21f000 rw-p 00003000 08:06 9178927                    /lib/x86_64-linux-gnu/libcom_err.so.2.1
7fb2fc21f000-7fb2fc245000 r-xp 00000000 08:06 4988969                    /usr/lib/x86_64-linux-gnu/libk5crypto.so.3.1
7fb2fc245000-7fb2fc444000 ---p 00026000 08:06 4988969                    /usr/lib/x86_64-linux-gnu/libk5crypto.so.3.1
7fb2fc444000-7fb2fc445000 r--p 00025000 08:06 4988969                    /usr/lib/x86_64-linux-gnu/libk5crypto.so.3.1
7fb2fc445000-7fb2fc446000 rw-p 00026000 08:06 4988969                    /usr/lib/x86_64-linux-gnu/libk5crypto.so.3.1
7fb2fc446000-7fb2fc447000 rw-p 00000000 00:00 0 
7fb2fc447000-7fb2fc50c000 r-xp 00000000 08:06 4988973                    /usr/lib/x86_64-linux-gnu/libkrb5.so.3.3
7fb2fc50c000-7fb2fc70b000 ---p 000c5000 08:06 4988973                    /usr/lib/x86_64-linux-gnu/libkrb5.so.3.3
7fb2fc70b000-7fb2fc715000 r--p 000c4000 08:06 4988973                    /usr/lib/x86_64-linux-gnu/libkrb5.so.3.3
7fb2fc715000-7fb2fc716000 rw-p 000ce000 08:06 4988973                    /usr/lib/x86_64-linux-gnu/libkrb5.so.3.3
7fb2fc716000-7fb2fc71c000 r-xp 00000000 08:06 4988594                    /usr/lib/x86_64-linux-gnu/libdatrie.so.1.2.0
7fb2fc71c000-7fb2fc91b000 ---p 00006000 08:06 4988594                    /usr/lib/x86_64-linux-gnu/libdatrie.so.1.2.0
7fb2fc91b000-7fb2fc91c000 r--p 00005000 08:06 4988594                    /usr/lib/x86_64-linux-gnu/libdatrie.so.1.2.0
7fb2fc91c000-7fb2fc91d000 rw-p 00006000 08:06 4988594                    /usr/lib/x86_64-linux-gnu/libdatrie.so.1.2.0
7fb2fc91d000-7fb2fc96d000 r-xp 00000000 08:06 4988910                    /usr/lib/x86_64-linux-gnu/libharfbuzz.so.0.919.0
7fb2fc96d000-7fb2fcb6d000 ---p 00050000 08:06 4988910                    /usr/lib/x86_64-linux-gnu/libharfbuzz.so.0.919.0
7fb2fcb6d000-7fb2fcb6e000 r--p 00050000 08:06 4988910                    /usr/lib/x86_64-linux-gnu/libharfbuzz.so.0.919.0
7fb2fcb6e000-7fb2fcb6f000 rw-p 00051000 08:06 4988910                    /usr/lib/x86_64-linux-gnu/libharfbuzz.so.0.919.0
7fb2fcb6f000-7fb2fcb77000 r-xp 00000000 08:06 4989345                    /usr/lib/x86_64-linux-gnu/libxcb-render.so.0.0.0
7fb2fcb77000-7fb2fcd76000 ---p 00008000 08:06 4989345                    /usr/lib/x86_64-linux-gnu/libxcb-render.so.0.0.0
7fb2fcd76000-7fb2fcd77000 r--p 00007000 08:06 4989345                    /usr/lib/x86_64-linux-gnu/libxcb-render.so.0.0.0
7fb2fcd77000-7fb2fcd78000 rw-p 00008000 08:06 4989345                    /usr/lib/x86_64-linux-gnu/libxcb-render.so.0.0.0
7fb2fcd78000-7fb2fcd7a000 r-xp 00000000 08:06 4989349                    /usr/lib/x86_64-linux-gnu/libxcb-shm.so.0.0.0
7fb2fcd7a000-7fb2fcf79000 ---p 00002000 08:06 4989349                    /usr/lib/x86_64-linux-gnu/libxcb-shm.so.0.0.0
7fb2fcf79000-7fb2fcf7a000 r--p 00001000 08:06 4989349                    /usr/lib/x86_64-linux-gnu/libxcb-shm.so.0.0.0
7fb2fcf7a000-7fb2fcf7b000 rw-p 00002000 08:06 4989349                    /usr/lib/x86_64-linux-gnu/libxcb-shm.so.0.0.0
7fb2fcf7b000-7fb2fcfa0000 r-xp 00000000 08:06 9179030                    /lib/x86_64-linux-gnu/libpng12.so.0.49.0
7fb2fcfa0000-7fb2fd19f000 ---p 00025000 08:06 9179030                    /lib/x86_64-linux-gnu/libpng12.so.0.49.0
7fb2fd19f000-7fb2fd1a0000 r--p 00024000 08:06 9179030                    /lib/x86_64-linux-gnu/libpng12.so.0.49.0
7fb2fd1a0000-7fb2fd1a1000 rw-p 00025000 08:06 9179030                    /lib/x86_64-linux-gnu/libpng12.so.0.49.0
7fb2fd1a1000-7fb2fd242000 r-xp 00000000 08:06 4985258                    /usr/lib/x86_64-linux-gnu/libpixman-1.so.0.30.2
7fb2fd242000-7fb2fd442000 ---p 000a1000 08:06 4985258                    /usr/lib/x86_64-linux-gnu/libpixman-1.so.0.30.2
7fb2fd442000-7fb2fd449000 r--p 000a1000 08:06 4985258                    /usr/lib/x86_64-linux-gnu/libpixman-1.so.0.30.2
7fb2fd449000-7fb2fd44a000 rw-p 000a8000 08:06 4985258                    /usr/lib/x86_64-linux-gnu/libpixman-1.so.0.30.2
7fb2fd44a000-7fb2fd44f000 r-xp 00000000 08:06 4988416                    /usr/lib/x86_64-linux-gnu/libXdmcp.so.6.0.0
7fb2fd44f000-7fb2fd64e000 ---p 00005000 08:06 4988416                    /usr/lib/x86_64-linux-gnu/libXdmcp.so.6.0.0
7fb2fd64e000-7fb2fd64f000 r--p 00004000 08:06 4988416                    /usr/lib/x86_64-linux-gnu/libXdmcp.so.6.0.0
7fb2fd64f000-7fb2fd650000 rw-p 00005000 08:06 4988416                    /usr/lib/x86_64-linux-gnu/libXdmcp.so.6.0.0
7fb2fd650000-7fb2fd652000 r-xp 00000000 08:06 4988405                    /usr/lib/x86_64-linux-gnu/libXau.so.6.0.0
7fb2fd652000-7fb2fd852000 ---p 00002000 08:06 4988405                    /usr/lib/x86_64-linux-gnu/libXau.so.6.0.0
7fb2fd852000-7fb2fd853000 r--p 00002000 08:06 4988405                    /usr/lib/x86_64-linux-gnu/libXau.so.6.0.0
7fb2fd853000-7fb2fd854000 rw-p 00003000 08:06 4988405                    /usr/lib/x86_64-linux-gnu/libXau.so.6.0.0
7fb2fd854000-7fb2fd863000 r-xp 00000000 08:06 4985002                    /usr/lib/x86_64-linux-gnu/libavahi-client.so.3.2.9
7fb2fd863000-7fb2fda63000 ---p 0000f000 08:06 4985002                    /usr/lib/x86_64-linux-gnu/libavahi-client.so.3.2.9
7fb2fda63000-7fb2fda64000 r--p 0000f000 08:06 4985002                    /usr/lib/x86_64-linux-gnu/libavahi-client.so.3.2.9
7fb2fda64000-7fb2fda65000 rw-p 00010000 08:06 4985002                    /usr/lib/x86_64-linux-gnu/libavahi-client.so.3.2.9
7fb2fda65000-7fb2fda70000 r-xp 00000000 08:06 4981158                    /usr/lib/x86_64-linux-gnu/libavahi-common.so.3.5.3
7fb2fda70000-7fb2fdc6f000 ---p 0000b000 08:06 4981158                    /usr/lib/x86_64-linux-gnu/libavahi-common.so.3.5.3
7fb2fdc6f000-7fb2fdc70000 r--p 0000a000 08:06 4981158                    /usr/lib/x86_64-linux-gnu/libavahi-common.so.3.5.3
7fb2fdc70000-7fb2fdc71000 rw-p 0000b000 08:06 4981158                    /usr/lib/x86_64-linux-gnu/libavahi-common.so.3.5.3
7fb2fdc71000-7fb2fdd27000 r-xp 00000000 08:06 4996275                    /usr/lib/x86_64-linux-gnu/libgnutls.so.26.22.6
7fb2fdd27000-7fb2fdf27000 ---p 000b6000 08:06 4996275                    /usr/lib/x86_64-linux-gnu/libgnutls.so.26.22.6
7fb2fdf27000-7fb2fdf2d000 r--p 000b6000 08:06 4996275                    /usr/lib/x86_64-linux-gnu/libgnutls.so.26.22.6
7fb2fdf2d000-7fb2fdf2e000 rw-p 000bc000 08:06 4996275                    /usr/lib/x86_64-linux-gnu/libgnutls.so.26.22.6
7fb2fdf2e000-7fb2fdf2f000 rw-p 00000000 00:00 0 
7fb2fdf2f000-7fb2fdf6a000 r-xp 00000000 08:06 4988808                    /usr/lib/x86_64-linux-gnu/libgssapi_krb5.so.2.2
7fb2fdf6a000-7fb2fe16a000 ---p 0003b000 08:06 4988808                    /usr/lib/x86_64-linux-gnu/libgssapi_krb5.so.2.2
7fb2fe16a000-7fb2fe16b000 r--p 0003b000 08:06 4988808                    /usr/lib/x86_64-linux-gnu/libgssapi_krb5.so.2.2
7fb2fe16b000-7fb2fe16d000 rw-p 0003c000 08:06 4988808                    /usr/lib/x86_64-linux-gnu/libgssapi_krb5.so.2.2
7fb2fe16d000-7fb2fe1aa000 r-xp 00000000 08:06 9179018                    /lib/x86_64-linux-gnu/libpcre.so.3.13.1
7fb2fe1aa000-7fb2fe3aa000 ---p 0003d000 08:06 9179018                    /lib/x86_64-linux-gnu/libpcre.so.3.13.1
7fb2fe3aa000-7fb2fe3ab000 r--p 0003d000 08:06 9179018                    /lib/x86_64-linux-gnu/libpcre.so.3.13.1
7fb2fe3ab000-7fb2fe3ac000 rw-p 0003e000 08:06 9179018                    /lib/x86_64-linux-gnu/libpcre.so.3.13.1
7fb2fe3ac000-7fb2fe3b3000 r-xp 00000000 08:06 4988653                    /usr/lib/x86_64-linux-gnu/libffi.so.6.0.1
7fb2fe3b3000-7fb2fe5b2000 ---p 00007000 08:06 4988653                    /usr/lib/x86_64-linux-gnu/libffi.so.6.0.1
7fb2fe5b2000-7fb2fe5b3000 r--p 00006000 08:06 4988653                    /usr/lib/x86_64-linux-gnu/libffi.so.6.0.1
7fb2fe5b3000-7fb2fe5b4000 rw-p 00007000 08:06 4988653                    /usr/lib/x86_64-linux-gnu/libffi.so.6.0.1
7fb2fe5b4000-7fb2fe5db000 r-xp 00000000 08:06 9178940                    /lib/x86_64-linux-gnu/libexpat.so.1.6.0
7fb2fe5db000-7fb2fe7db000 ---p 00027000 08:06 9178940                    /lib/x86_64-linux-gnu/libexpat.so.1.6.0
7fb2fe7db000-7fb2fe7dd000 r--p 00027000 08:06 9178940                    /lib/x86_64-linux-gnu/libexpat.so.1.6.0
7fb2fe7dd000-7fb2fe7de000 rw-p 00029000 08:06 9178940                    /lib/x86_64-linux-gnu/libexpat.so.1.6.0
7fb2fe7de000-7fb2fe87a000 r-xp 00000000 08:06 4995642                    /usr/lib/x86_64-linux-gnu/libfreetype.so.6.10.1
7fb2fe87a000-7fb2fea7a000 ---p 0009c000 08:06 4995642                    /usr/lib/x86_64-linux-gnu/libfreetype.so.6.10.1
7fb2fea7a000-7fb2fea7f000 r--p 0009c000 08:06 4995642                    /usr/lib/x86_64-linux-gnu/libfreetype.so.6.10.1
7fb2fea7f000-7fb2fea80000 rw-p 000a1000 08:06 4995642                    /usr/lib/x86_64-linux-gnu/libfreetype.so.6.10.1
7fb2fea80000-7fb2fea88000 r-xp 00000000 08:06 4989242                    /usr/lib/x86_64-linux-gnu/libthai.so.0.2.0
7fb2fea88000-7fb2fec87000 ---p 00008000 08:06 4989242                    /usr/lib/x86_64-linux-gnu/libthai.so.0.2.0
7fb2fec87000-7fb2fec88000 r--p 00007000 08:06 4989242                    /usr/lib/x86_64-linux-gnu/libthai.so.0.2.0
7fb2fec88000-7fb2fec89000 rw-p 00008000 08:06 4989242                    /usr/lib/x86_64-linux-gnu/libthai.so.0.2.0
7fb2fec89000-7fb2fec9f000 r-xp 00000000 08:06 9179041                    /lib/x86_64-linux-gnu/libresolv-2.17.so
7fb2fec9f000-7fb2fee9f000 ---p 00016000 08:06 9179041                    /lib/x86_64-linux-gnu/libresolv-2.17.so
7fb2fee9f000-7fb2feea0000 r--p 00016000 08:06 9179041                    /lib/x86_64-linux-gnu/libresolv-2.17.so
7fb2feea0000-7fb2feea1000 rw-p 00017000 08:06 9179041                    /lib/x86_64-linux-gnu/libresolv-2.17.so
7fb2feea1000-7fb2feea3000 rw-p 00000000 00:00 0 
7fb2feea3000-7fb2feec2000 r-xp 00000000 08:06 9179045                    /lib/x86_64-linux-gnu/libselinux.so.1
7fb2feec2000-7fb2ff0c2000 ---p 0001f000 08:06 9179045                    /lib/x86_64-linux-gnu/libselinux.so.1
7fb2ff0c2000-7fb2ff0c3000 r--p 0001f000 08:06 9179045                    /lib/x86_64-linux-gnu/libselinux.so.1
7fb2ff0c3000-7fb2ff0c4000 rw-p 00020000 08:06 9179045                    /lib/x86_64-linux-gnu/libselinux.so.1
7fb2ff0c4000-7fb2ff0c5000 rw-p 00000000 00:00 0 
7fb2ff0c5000-7fb2ff0c7000 r-xp 00000000 08:06 4988414                    /usr/lib/x86_64-linux-gnu/libXdamage.so.1.1.0
7fb2ff0c7000-7fb2ff2c6000 ---p 00002000 08:06 4988414                    /usr/lib/x86_64-linux-gnu/libXdamage.so.1.1.0
7fb2ff2c6000-7fb2ff2c7000 r--p 00001000 08:06 4988414                    /usr/lib/x86_64-linux-gnu/libXdamage.so.1.1.0
7fb2ff2c7000-7fb2ff2c8000 rw-p 00002000 08:06 4988414                    /usr/lib/x86_64-linux-gnu/libXdamage.so.1.1.0
7fb2ff2c8000-7fb2ff2ca000 r-xp 00000000 08:06 4988410                    /usr/lib/x86_64-linux-gnu/libXcomposite.so.1.0.0
7fb2ff2ca000-7fb2ff4c9000 ---p 00002000 08:06 4988410                    /usr/lib/x86_64-linux-gnu/libXcomposite.so.1.0.0
7fb2ff4c9000-7fb2ff4ca000 r--p 00001000 08:06 4988410                    /usr/lib/x86_64-linux-gnu/libXcomposite.so.1.0.0
7fb2ff4ca000-7fb2ff4cb000 rw-p 00002000 08:06 4988410                    /usr/lib/x86_64-linux-gnu/libXcomposite.so.1.0.0
7fb2ff4cb000-7fb2ff4d4000 r-xp 00000000 08:06 4988412                    /usr/lib/x86_64-linux-gnu/libXcursor.so.1.0.2
7fb2ff4d4000-7fb2ff6d3000 ---p 00009000 08:06 4988412                    /usr/lib/x86_64-linux-gnu/libXcursor.so.1.0.2
7fb2ff6d3000-7fb2ff6d4000 r--p 00008000 08:06 4988412                    /usr/lib/x86_64-linux-gnu/libXcursor.so.1.0.2
7fb2ff6d4000-7fb2ff6d5000 rw-p 00009000 08:06 4988412                    /usr/lib/x86_64-linux-gnu/libXcursor.so.1.0.2
7fb2ff6d5000-7fb2ff6de000 r-xp 00000000 08:06 4988438                    /usr/lib/x86_64-linux-gnu/libXrandr.so.2.2.0
7fb2ff6de000-7fb2ff8dd000 ---p 00009000 08:06 4988438                    /usr/lib/x86_64-linux-gnu/libXrandr.so.2.2.0
7fb2ff8dd000-7fb2ff8de000 r--p 00008000 08:06 4988438                    /usr/lib/x86_64-linux-gnu/libXrandr.so.2.2.0
7fb2ff8de000-7fb2ff8df000 rw-p 00009000 08:06 4988438                    /usr/lib/x86_64-linux-gnu/libXrandr.so.2.2.0
7fb2ff8df000-7fb2ff8e1000 r-xp 00000000 08:06 4988428                    /usr/lib/x86_64-linux-gnu/libXinerama.so.1.0.0
7fb2ff8e1000-7fb2ffae0000 ---p 00002000 08:06 4988428                    /usr/lib/x86_64-linux-gnu/libXinerama.so.1.0.0
7fb2ffae0000-7fb2ffae1000 r--p 00001000 08:06 4988428                    /usr/lib/x86_64-linux-gnu/libXinerama.so.1.0.0
7fb2ffae1000-7fb2ffae2000 rw-p 00002000 08:06 4988428                    /usr/lib/x86_64-linux-gnu/libXinerama.so.1.0.0
7fb2ffae2000-7fb2ffaf6000 r-xp 00000000 08:06 4989088                    /usr/lib/x86_64-linux-gnu/libpangoft2-1.0.so.0.3200.5
7fb2ffaf6000-7fb2ffcf5000 ---p 00014000 08:06 4989088                    /usr/lib/x86_64-linux-gnu/libpangoft2-1.0.so.0.3200.5
7fb2ffcf5000-7fb2ffcf6000 r--p 00013000 08:06 4989088                    /usr/lib/x86_64-linux-gnu/libpangoft2-1.0.so.0.3200.5
7fb2ffcf6000-7fb2ffcf7000 rw-p 00014000 08:06 4989088                    /usr/lib/x86_64-linux-gnu/libpangoft2-1.0.so.0.3200.5
7fb2ffcf7000-7fb2ffdfb000 r-xp 00000000 08:06 4988525                    /usr/lib/x86_64-linux-gnu/libcairo.so.2.11200.16
7fb2ffdfb000-7fb2ffffa000 ---p 00104000 08:06 4988525                    /usr/lib/x86_64-linux-gnu/libcairo.so.2.11200.16
7fb2ffffa000-7fb2ffffd000 r--p 00103000 08:06 4988525                    /usr/lib/x86_64-linux-gnu/libcairo.so.2.11200.16
7fb2ffffd000-7fb2ffffe000 rw-p 00106000 08:06 4988525                    /usr/lib/x86_64-linux-gnu/libcairo.so.2.11200.16
7fb2ffffe000-7fb300000000 rw-p 00000000 00:00 0 
7fb300000000-7fb300021000 rw-p 00000000 00:00 0 
7fb300021000-7fb304000000 ---p 00000000 00:00 0 
7fb30400d000-7fb304015000 rw-s 00000000 00:04 53641234                   /SYSV00000000 (deleted)
7fb304015000-7fb304035000 r--s 00000000 08:06 5374743                    /usr/share/mime/mime.cache
7fb30403d000-7fb30403e000 r--s 00000000 08:06 2359392                    /var/cache/fontconfig/c05880de57d1f5e948fdfacc138775d9-le64.cache-4
7fb30403e000-7fb304049000 r--s 00000000 08:06 2359385                    /var/cache/fontconfig/945677eb7aeaf62f1d50efc3fb3ec7d8-le64.cache-4
7fb304049000-7fb30404b000 r--s 00000000 08:06 2359387                    /var/cache/fontconfig/99e8ed0e538f840c565b6ed5dad60d56-le64.cache-4
7fb30404b000-7fb304051000 r--s 00000000 08:06 2359371                    /var/cache/fontconfig/2cd17615ca594fa2959ae173292e504c-le64.cache-4
7fb304051000-7fb304052000 r--s 00000000 08:06 2359402                    /var/cache/fontconfig/e7071f4a29fa870f4323321c154eba04-le64.cache-4
7fb304052000-7fb304059000 r--s 00000000 08:06 2359389                    /var/cache/fontconfig/a755afe4a08bf5b97852ceb7400b47bc-le64.cache-4
7fb304059000-7fb304065000 r--s 00000000 08:06 2369273                    /var/cache/fontconfig/6d41288fd70b0be22e8c3a91e032eec0-le64.cache-4
7fb304065000-7fb304079000 r--s 00000000 08:06 2359366                    /var/cache/fontconfig/04aabc0a78ac019cf9454389977116d2-le64.cache-4
7fb304079000-7fb304098000 r-xp 00000000 08:06 4988485                    /usr/lib/x86_64-linux-gnu/libatk-1.0.so.0.21009.1
7fb304098000-7fb304298000 ---p 0001f000 08:06 4988485                    /usr/lib/x86_64-linux-gnu/libatk-1.0.so.0.21009.1
7fb304298000-7fb30429a000 r--p 0001f000 08:06 4988485                    /usr/lib/x86_64-linux-gnu/libatk-1.0.so.0.21009.1
7fb30429a000-7fb30429b000 rw-p 00021000 08:06 4988485                    /usr/lib/x86_64-linux-gnu/libatk-1.0.so.0.21009.1
7fb30429b000-7fb3042a0000 r-xp 00000000 08:06 4988420                    /usr/lib/x86_64-linux-gnu/libXfixes.so.3.1.0
7fb3042a0000-7fb30449f000 ---p 00005000 08:06 4988420                    /usr/lib/x86_64-linux-gnu/libXfixes.so.3.1.0
7fb30449f000-7fb3044a0000 r--p 00004000 08:06 4988420                    /usr/lib/x86_64-linux-gnu/libXfixes.so.3.1.0
7fb3044a0000-7fb3044a1000 rw-p 00005000 08:06 4988420                    /usr/lib/x86_64-linux-gnu/libXfixes.so.3.1.0
7fb3044a1000-7fb3044ac000 r-xp 00000000 08:06 4989086                    /usr/lib/x86_64-linux-gnu/libpangocairo-1.0.so.0.3200.5
7fb3044ac000-7fb3046ac000 ---p 0000b000 08:06 4989086                    /usr/lib/x86_64-linux-gnu/libpangocairo-1.0.so.0.3200.5
7fb3046ac000-7fb3046ad000 r--p 0000b000 08:06 4989086                    /usr/lib/x86_64-linux-gnu/libpangocairo-1.0.so.0.3200.5
7fb3046ad000-7fb3046ae000 rw-p 0000c000 08:06 4989086                    /usr/lib/x86_64-linux-gnu/libpangocairo-1.0.so.0.3200.5
7fb3046ae000-7fb3046b1000 r-xp 00000000 08:06 4981999                    /usr/lib/x86_64-linux-gnu/libgmodule-2.0.so.0.3800.1
7fb3046b1000-7fb3048b0000 ---p 00003000 08:06 4981999                    /usr/lib/x86_64-linux-gnu/libgmodule-2.0.so.0.3800.1
7fb3048b0000-7fb3048b1000 r--p 00002000 08:06 4981999                    /usr/lib/x86_64-linux-gnu/libgmodule-2.0.so.0.3800.1
7fb3048b1000-7fb3048b2000 rw-p 00003000 08:06 4981999                    /usr/lib/x86_64-linux-gnu/libgmodule-2.0.so.0.3800.1
7fb3048b2000-7fb3048cf000 r-xp 00000000 08:06 4989357                    /usr/lib/x86_64-linux-gnu/libxcb.so.1.1.0
7fb3048cf000-7fb304ace000 ---p 0001d000 08:06 4989357                    /usr/lib/x86_64-linux-gnu/libxcb.so.1.1.0
7fb304ace000-7fb304acf000 r--p 0001c000 08:06 4989357                    /usr/lib/x86_64-linux-gnu/libxcb.so.1.1.0
7fb304acf000-7fb304ad0000 rw-p 0001d000 08:06 4989357                    /usr/lib/x86_64-linux-gnu/libxcb.so.1.1.0
7fb304ad0000-7fb304b3c000 r-xp 00000000 08:06 4981253                    /usr/lib/x86_64-linux-gnu/libcups.so.2
7fb304b3c000-7fb304d3b000 ---p 0006c000 08:06 4981253                    /usr/lib/x86_64-linux-gnu/libcups.so.2
7fb304d3b000-7fb304d42000 r--p 0006b000 08:06 4981253                    /usr/lib/x86_64-linux-gnu/libcups.so.2
7fb304d42000-7fb304d43000 rw-p 00072000 08:06 4981253                    /usr/lib/x86_64-linux-gnu/libcups.so.2
7fb304d43000-7fb304e41000 r-xp 00000000 08:06 9178865                    /lib/x86_64-linux-gnu/libglib-2.0.so.0.3800.1
7fb304e41000-7fb305041000 ---p 000fe000 08:06 9178865                    /lib/x86_64-linux-gnu/libglib-2.0.so.0.3800.1
7fb305041000-7fb305042000 r--p 000fe000 08:06 9178865                    /lib/x86_64-linux-gnu/libglib-2.0.so.0.3800.1
7fb305042000-7fb305043000 rw-p 000ff000 08:06 9178865                    /lib/x86_64-linux-gnu/libglib-2.0.so.0.3800.1
7fb305043000-7fb305044000 rw-p 00000000 00:00 0 
7fb305044000-7fb305045000 r-xp 00000000 08:06 4981140                    /usr/lib/x86_64-linux-gnu/libgthread-2.0.so.0.3800.1
7fb305045000-7fb305244000 ---p 00001000 08:06 4981140                    /usr/lib/x86_64-linux-gnu/libgthread-2.0.so.0.3800.1
7fb305244000-7fb305245000 r--p 00000000 08:06 4981140                    /usr/lib/x86_64-linux-gnu/libgthread-2.0.so.0.3800.1
7fb305245000-7fb305246000 rw-p 00001000 08:06 4981140                    /usr/lib/x86_64-linux-gnu/libgthread-2.0.so.0.3800.1
7fb305246000-7fb305295000 r-xp 00000000 08:06 4981121                    /usr/lib/x86_64-linux-gnu/libgobject-2.0.so.0.3800.1
7fb305295000-7fb305495000 ---p 0004f000 08:06 4981121                    /usr/lib/x86_64-linux-gnu/libgobject-2.0.so.0.3800.1
7fb305495000-7fb305496000 r--p 0004f000 08:06 4981121                    /usr/lib/x86_64-linux-gnu/libgobject-2.0.so.0.3800.1
7fb305496000-7fb305497000 rw-p 00050000 08:06 4981121                    /usr/lib/x86_64-linux-gnu/libgobject-2.0.so.0.3800.1
7fb305497000-7fb3054d0000 r-xp 00000000 08:06 4988667                    /usr/lib/x86_64-linux-gnu/libfontconfig.so.1.7.0
7fb3054d0000-7fb3056d0000 ---p 00039000 08:06 4988667                    /usr/lib/x86_64-linux-gnu/libfontconfig.so.1.7.0
7fb3056d0000-7fb3056d2000 r--p 00039000 08:06 4988667                    /usr/lib/x86_64-linux-gnu/libfontconfig.so.1.7.0
7fb3056d2000-7fb3056d3000 rw-p 0003b000 08:06 4988667                    /usr/lib/x86_64-linux-gnu/libfontconfig.so.1.7.0
7fb3056d3000-7fb30571d000 r-xp 00000000 08:06 4989084                    /usr/lib/x86_64-linux-gnu/libpango-1.0.so.0.3200.5
7fb30571d000-7fb30591c000 ---p 0004a000 08:06 4989084                    /usr/lib/x86_64-linux-gnu/libpango-1.0.so.0.3200.5
7fb30591c000-7fb30591e000 r--p 00049000 08:06 4989084                    /usr/lib/x86_64-linux-gnu/libpango-1.0.so.0.3200.5
7fb30591e000-7fb30591f000 rw-p 0004b000 08:06 4989084                    /usr/lib/x86_64-linux-gnu/libpango-1.0.so.0.3200.5
7fb30591f000-7fb30593e000 r-xp 00000000 08:06 4988734                    /usr/lib/x86_64-linux-gnu/libgdk_pixbuf-2.0.so.0.2800.1
7fb30593e000-7fb305b3d000 ---p 0001f000 08:06 4988734                    /usr/lib/x86_64-linux-gnu/libgdk_pixbuf-2.0.so.0.2800.1
7fb305b3d000-7fb305b3e000 r--p 0001e000 08:06 4988734                    /usr/lib/x86_64-linux-gnu/libgdk_pixbuf-2.0.so.0.2800.1
7fb305b3e000-7fb305b3f000 rw-p 0001f000 08:06 4988734                    /usr/lib/x86_64-linux-gnu/libgdk_pixbuf-2.0.so.0.2800.1
7fb305b3f000-7fb305c9b000 r-xp 00000000 08:06 4980940                    /usr/lib/x86_64-linux-gnu/libgio-2.0.so.0.3800.1
7fb305c9b000-7fb305e9a000 ---p 0015c000 08:06 4980940                    /usr/lib/x86_64-linux-gnu/libgio-2.0.so.0.3800.1
7fb305e9a000-7fb305e9e000 r--p 0015b000 08:06 4980940                    /usr/lib/x86_64-linux-gnu/libgio-2.0.so.0.3800.1
7fb305e9e000-7fb305ea0000 rw-p 0015f000 08:06 4980940                    /usr/lib/x86_64-linux-gnu/libgio-2.0.so.0.3800.1
7fb305ea0000-7fb305ea2000 rw-p 00000000 00:00 0 
7fb305ea2000-7fb305f4f000 r-xp 00000000 08:06 4988732                    /usr/lib/x86_64-linux-gnu/libgdk-x11-2.0.so.0.2400.20
7fb305f4f000-7fb30614e000 ---p 000ad000 08:06 4988732                    /usr/lib/x86_64-linux-gnu/libgdk-x11-2.0.so.0.2400.20
7fb30614e000-7fb306152000 r--p 000ac000 08:06 4988732                    /usr/lib/x86_64-linux-gnu/libgdk-x11-2.0.so.0.2400.20
7fb306152000-7fb306154000 rw-p 000b0000 08:06 4988732                    /usr/lib/x86_64-linux-gnu/libgdk-x11-2.0.so.0.2400.20
7fb306154000-7fb306583000 r-xp 00000000 08:06 4988892                    /usr/lib/x86_64-linux-gnu/libgtk-x11-2.0.so.0.2400.20
7fb306583000-7fb306782000 ---p 0042f000 08:06 4988892                    /usr/lib/x86_64-linux-gnu/libgtk-x11-2.0.so.0.2400.20
7fb306782000-7fb306789000 r--p 0042e000 08:06 4988892                    /usr/lib/x86_64-linux-gnu/libgtk-x11-2.0.so.0.2400.20
7fb306789000-7fb30678d000 rw-p 00435000 08:06 4988892                    /usr/lib/x86_64-linux-gnu/libgtk-x11-2.0.so.0.2400.20
7fb30678d000-7fb306790000 rw-p 00000000 00:00 0 
7fb306790000-7fb30679f000 r-xp 00000000 08:06 4988426                    /usr/lib/x86_64-linux-gnu/libXi.so.6.1.0
7fb30679f000-7fb30699e000 ---p 0000f000 08:06 4988426                    /usr/lib/x86_64-linux-gnu/libXi.so.6.1.0
7fb30699e000-7fb30699f000 r--p 0000e000 08:06 4988426                    /usr/lib/x86_64-linux-gnu/libXi.so.6.1.0
7fb30699f000-7fb3069a0000 rw-p 0000f000 08:06 4988426                    /usr/lib/x86_64-linux-gnu/libXi.so.6.1.0
7fb3069a0000-7fb3069a5000 r-xp 00000000 08:06 4988444                    /usr/lib/x86_64-linux-gnu/libXtst.so.6.1.0
7fb3069a5000-7fb306ba4000 ---p 00005000 08:06 4988444                    /usr/lib/x86_64-linux-gnu/libXtst.so.6.1.0
7fb306ba4000-7fb306ba5000 r--p 00004000 08:06 4988444                    /usr/lib/x86_64-linux-gnu/libXtst.so.6.1.0
7fb306ba5000-7fb306ba6000 rw-p 00005000 08:06 4988444                    /usr/lib/x86_64-linux-gnu/libXtst.so.6.1.0
7fb306ba6000-7fb306baf000 r-xp 00000000 08:06 4988440                    /usr/lib/x86_64-linux-gnu/libXrender.so.1.3.0
7fb306baf000-7fb306dae000 ---p 00009000 08:06 4988440                    /usr/lib/x86_64-linux-gnu/libXrender.so.1.3.0
7fb306dae000-7fb306daf000 r--p 00008000 08:06 4988440                    /usr/lib/x86_64-linux-gnu/libXrender.so.1.3.0
7fb306daf000-7fb306db0000 rw-p 00009000 08:06 4988440                    /usr/lib/x86_64-linux-gnu/libXrender.so.1.3.0
7fb306db0000-7fb306ee0000 r-xp 00000000 08:06 4988401                    /usr/lib/x86_64-linux-gnu/libX11.so.6.3.0
7fb306ee0000-7fb3070e0000 ---p 00130000 08:06 4988401                    /usr/lib/x86_64-linux-gnu/libX11.so.6.3.0
7fb3070e0000-7fb3070e1000 r--p 00130000 08:06 4988401                    /usr/lib/x86_64-linux-gnu/libX11.so.6.3.0
7fb3070e1000-7fb3070e5000 rw-p 00131000 08:06 4988401                    /usr/lib/x86_64-linux-gnu/libX11.so.6.3.0
7fb3070e5000-7fb3070f6000 r-xp 00000000 08:06 4988418                    /usr/lib/x86_64-linux-gnu/libXext.so.6.4.0
7fb3070f6000-7fb3072f5000 ---p 00011000 08:06 4988418                    /usr/lib/x86_64-linux-gnu/libXext.so.6.4.0
7fb3072f5000-7fb3072f6000 r--p 00010000 08:06 4988418                    /usr/lib/x86_64-linux-gnu/libXext.so.6.4.0
7fb3072f6000-7fb3072f7000 rw-p 00011000 08:06 4988418                    /usr/lib/x86_64-linux-gnu/libXext.so.6.4.0
7fb3072f7000-7fb307348000 r-xp 00000000 08:06 5770664                    /usr/lib/jvm/java-7-openjdk-amd64/jre/lib/amd64/xawt/libmawt.so
7fb307348000-7fb307547000 ---p 00051000 08:06 5770664                    /usr/lib/jvm/java-7-openjdk-amd64/jre/lib/amd64/xawt/libmawt.so
7fb307547000-7fb307548000 r--p 00050000 08:06 5770664                    /usr/lib/jvm/java-7-openjdk-amd64/jre/lib/amd64/xawt/libmawt.so
7fb307548000-7fb30754b000 rw-p 00051000 08:06 5770664                    /usr/lib/jvm/java-7-openjdk-amd64/jre/lib/amd64/xawt/libmawt.so
7fb30754b000-7fb30754c000 rw-p 00000000 00:00 0 
7fb30754c000-7fb3075ec000 r-xp 00000000 08:06 5769512                    /usr/lib/jvm/java-7-openjdk-amd64/jre/lib/amd64/libawt.so
7fb3075ec000-7fb3077eb000 ---p 000a0000 08:06 5769512                    /usr/lib/jvm/java-7-openjdk-amd64/jre/lib/amd64/libawt.so
7fb3077eb000-7fb3077ec000 r--p 0009f000 08:06 5769512                    /usr/lib/jvm/java-7-openjdk-amd64/jre/lib/amd64/libawt.so
7fb3077ec000-7fb3077f7000 rw-p 000a0000 08:06 5769512                    /usr/lib/jvm/java-7-openjdk-amd64/jre/lib/amd64/libawt.so
7fb3077f7000-7fb30781c000 rw-p 00000000 00:00 0 
7fb30781c000-7fb30781d000 ---p 00000000 00:00 0 
7fb30781d000-7fb30791d000 rw-p 00000000 00:00 0                          [stack:6820]
7fb30791d000-7fb308000000 r--p 00000000 08:06 4987479                    /usr/lib/locale/locale-archive
7fb308000000-7fb308021000 rw-p 00000000 00:00 0 
7fb308021000-7fb30c000000 ---p 00000000 00:00 0 
7fb30c000000-7fb30c001000 r--s 00000000 08:06 2359368                    /var/cache/fontconfig/0d8c3b2ac0904cb8a57a757ad11a4a08-le64.cache-4
7fb30c001000-7fb30c00c000 r--s 00000000 08:06 2365350                    /var/cache/fontconfig/a6354e3ac43af67bd8d7b8e43c34e49f-le64.cache-4
7fb30c00c000-7fb30c00d000 r--s 00000000 08:06 2359370                    /var/cache/fontconfig/1ac9eb803944fde146138c791f5cc56a-le64.cache-4
7fb30c00d000-7fb30c011000 r--s 00000000 08:06 2359374                    /var/cache/fontconfig/385c0604a188198f04d133e54aba7fe7-le64.cache-4
7fb30c011000-7fb30c013000 r--s 00000000 08:06 2359382                    /var/cache/fontconfig/767a8244fc0220cfb567a839d0392e0b-le64.cache-4
7fb30c013000-7fb30c015000 r--s 00000000 08:06 2372322                    /var/cache/fontconfig/2fe16cf53f8bd2da9ea33d9eb6e69eee-le64.cache-4
7fb30c015000-7fb30c019000 r--s 00000000 08:06 2372321                    /var/cache/fontconfig/c57959a16110560c8d0fcea73374aeeb-le64.cache-4
7fb30c019000-7fb30c020000 r--s 00000000 08:06 2359372                    /var/cache/fontconfig/3047814df9a2f067bd2d96a2b9c36e5a-le64.cache-4
7fb30c020000-7fb30c026000 r--s 00000000 08:06 2359390                    /var/cache/fontconfig/b47c4e1ecd0709278f4910c18777a504-le64.cache-4
7fb30c026000-7fb30c039000 r--s 00000000 08:06 2359396                    /var/cache/fontconfig/d52a8644073d54c13679302ca1180695-le64.cache-4
7fb30c039000-7fb30c042000 r--s 00000000 08:06 2368624                    /var/cache/fontconfig/3f7329c5293ffd510edef78f73874cfd-le64.cache-4
7fb30c042000-7fb30c04e000 r--s 00000000 08:06 2368572                    /var/cache/fontconfig/d589a48862398ed80a3d6066f4f56f4c-le64.cache-4
7fb30c04e000-7fb30c05b000 r--s 00000000 08:06 2363874                    /var/cache/fontconfig/e13b20fdb08344e0e664864cc2ede53d-le64.cache-4
7fb30c0aa000-7fb30c0ab000 rw-p 00000000 00:00 0 
7fb30c0ab000-7fb30c0f1000 r--p 00000000 08:06 5381676                    /usr/share/glib-2.0/schemas/gschemas.compiled
7fb30c0f1000-7fb30c0f4000 ---p 00000000 00:00 0 
7fb30c0f4000-7fb30c1f2000 rw-p 00000000 00:00 0                          [stack:6819]
7fb30c1f2000-7fb30c1f5000 ---p 00000000 00:00 0 
7fb30c1f5000-7fb30c2f3000 rw-p 00000000 00:00 0                          [stack:6818]
7fb30c2f3000-7fb30c2f6000 ---p 00000000 00:00 0 
7fb30c2f6000-7fb30c3f4000 rw-p 00000000 00:00 0                          [stack:6817]
7fb30c3f4000-7fb30c3f7000 ---p 00000000 00:00 0 
7fb30c3f7000-7fb30c4f5000 rw-p 00000000 00:00 0                          [stack:6816]
7fb30c4f5000-7fb30c4f8000 ---p 00000000 00:00 0 
7fb30c4f8000-7fb30c5f6000 rw-p 00000000 00:00 0                          [stack:6815]
7fb30c5f6000-7fb30c5f9000 ---p 00000000 00:00 0 
7fb30c5f9000-7fb30c6f7000 rw-p 00000000 00:00 0                          [stack:6814]
7fb30c6f7000-7fb30c6f8000 ---p 00000000 00:00 0 
7fb30c6f8000-7fb30d000000 rw-p 00000000 00:00 0                          [stack:6813]
7fb30d000000-7fb30d270000 rwxp 00000000 00:00 0 
7fb30d270000-7fb31041c000 rw-p 00000000 00:00 0 
7fb31041c000-7fb314000000 ---p 00000000 00:00 0 
7fb314000000-7fb314003000 r--s 00000000 08:06 2359384                    /var/cache/fontconfig/8801497958630a81b71ace7c5f9b32a8-le64.cache-4
7fb314003000-7fb314828000 rw-p 00000000 00:00 0 
7fb314828000-7fb3149d6000 r--s 01cf4000 08:06 5770581                    /usr/lib/jvm/java-7-openjdk-amd64/jre/lib/rt.jar
7fb3149d6000-7fb314f26000 rw-p 00000000 00:00 0 
7fb314f26000-7fb314f27000 ---p 00000000 00:00 0 
7fb314f27000-7fb315027000 rw-p 00000000 00:00 0                          [stack:6812]
7fb315027000-7fb315028000 ---p 00000000 00:00 0 
7fb315028000-7fb315128000 rw-p 00000000 00:00 0                          [stack:6811]
7fb315128000-7fb315129000 ---p 00000000 00:00 0 
7fb315129000-7fb315229000 rw-p 00000000 00:00 0                          [stack:6810]
7fb315229000-7fb31522a000 ---p 00000000 00:00 0 
7fb31522a000-7fb315335000 rw-p 00000000 00:00 0                          [stack:6807]
7fb315335000-7fb31537d000 rw-p 00000000 00:00 0 
7fb31537d000-7fb3153a6000 rw-p 00000000 00:00 0 
7fb3153a6000-7fb31560f000 rw-p 00000000 00:00 0 
7fb31560f000-7fb31561a000 rw-p 00000000 00:00 0 
7fb31561a000-7fb315662000 rw-p 00000000 00:00 0 
7fb315662000-7fb31568b000 rw-p 00000000 00:00 0 
7fb31568b000-7fb3158f3000 rw-p 00000000 00:00 0 
7fb3158f3000-7fb31591c000 rw-p 00000000 00:00 0 
7fb31591c000-7fb315938000 ---p 00000000 00:00 0 
7fb315938000-7fb315a3c000 rw-p 00000000 00:00 0 
7fb315a3c000-7fb315a3d000 rw-p 00000000 00:00 0 
7fb315a3d000-7fb315a45000 r-xp 00000000 08:06 5767389                    /usr/lib/jvm/java-7-openjdk-amd64/jre/lib/amd64/libzip.so
7fb315a45000-7fb315c44000 ---p 00008000 08:06 5767389                    /usr/lib/jvm/java-7-openjdk-amd64/jre/lib/amd64/libzip.so
7fb315c44000-7fb315c45000 r--p 00007000 08:06 5767389                    /usr/lib/jvm/java-7-openjdk-amd64/jre/lib/amd64/libzip.so
7fb315c45000-7fb315c46000 rw-p 00008000 08:06 5767389                    /usr/lib/jvm/java-7-openjdk-amd64/jre/lib/amd64/libzip.so
7fb315c46000-7fb315c52000 r-xp 00000000 08:06 9178996                    /lib/x86_64-linux-gnu/libnss_files-2.17.so
7fb315c52000-7fb315e51000 ---p 0000c000 08:06 9178996                    /lib/x86_64-linux-gnu/libnss_files-2.17.so
7fb315e51000-7fb315e52000 r--p 0000b000 08:06 9178996                    /lib/x86_64-linux-gnu/libnss_files-2.17.so
7fb315e52000-7fb315e53000 rw-p 0000c000 08:06 9178996                    /lib/x86_64-linux-gnu/libnss_files-2.17.so
7fb315e53000-7fb315e5e000 r-xp 00000000 08:06 9179000                    /lib/x86_64-linux-gnu/libnss_nis-2.17.so
7fb315e5e000-7fb31605d000 ---p 0000b000 08:06 9179000                    /lib/x86_64-linux-gnu/libnss_nis-2.17.so
7fb31605d000-7fb31605e000 r--p 0000a000 08:06 9179000                    /lib/x86_64-linux-gnu/libnss_nis-2.17.so
7fb31605e000-7fb31605f000 rw-p 0000b000 08:06 9179000                    /lib/x86_64-linux-gnu/libnss_nis-2.17.so
7fb31605f000-7fb316076000 r-xp 00000000 08:06 9178990                    /lib/x86_64-linux-gnu/libnsl-2.17.so
7fb316076000-7fb316275000 ---p 00017000 08:06 9178990                    /lib/x86_64-linux-gnu/libnsl-2.17.so
7fb316275000-7fb316276000 r--p 00016000 08:06 9178990                    /lib/x86_64-linux-gnu/libnsl-2.17.so
7fb316276000-7fb316277000 rw-p 00017000 08:06 9178990                    /lib/x86_64-linux-gnu/libnsl-2.17.so
7fb316277000-7fb316279000 rw-p 00000000 00:00 0 
7fb316279000-7fb316281000 r-xp 00000000 08:06 9178992                    /lib/x86_64-linux-gnu/libnss_compat-2.17.so
7fb316281000-7fb316480000 ---p 00008000 08:06 9178992                    /lib/x86_64-linux-gnu/libnss_compat-2.17.so
7fb316480000-7fb316481000 r--p 00007000 08:06 9178992                    /lib/x86_64-linux-gnu/libnss_compat-2.17.so
7fb316481000-7fb316482000 rw-p 00008000 08:06 9178992                    /lib/x86_64-linux-gnu/libnss_compat-2.17.so
7fb316482000-7fb3164ad000 r-xp 00000000 08:06 5767386                    /usr/lib/jvm/java-7-openjdk-amd64/jre/lib/amd64/libjava.so
7fb3164ad000-7fb3166ac000 ---p 0002b000 08:06 5767386                    /usr/lib/jvm/java-7-openjdk-amd64/jre/lib/amd64/libjava.so
7fb3166ac000-7fb3166ad000 r--p 0002a000 08:06 5767386                    /usr/lib/jvm/java-7-openjdk-amd64/jre/lib/amd64/libjava.so
7fb3166ad000-7fb3166af000 rw-p 0002b000 08:06 5767386                    /usr/lib/jvm/java-7-openjdk-amd64/jre/lib/amd64/libjava.so
7fb3166af000-7fb3166bf000 r-xp 00000000 08:06 5767890                    /usr/lib/jvm/java-7-openjdk-amd64/jre/lib/amd64/libverify.so
7fb3166bf000-7fb3168be000 ---p 00010000 08:06 5767890                    /usr/lib/jvm/java-7-openjdk-amd64/jre/lib/amd64/libverify.so
7fb3168be000-7fb3168c0000 r--p 0000f000 08:06 5767890                    /usr/lib/jvm/java-7-openjdk-amd64/jre/lib/amd64/libverify.so
7fb3168c0000-7fb3168c1000 rw-p 00011000 08:06 5767890                    /usr/lib/jvm/java-7-openjdk-amd64/jre/lib/amd64/libverify.so
7fb3168c1000-7fb3168c8000 r-xp 00000000 08:06 9179043                    /lib/x86_64-linux-gnu/librt-2.17.so
7fb3168c8000-7fb316ac7000 ---p 00007000 08:06 9179043                    /lib/x86_64-linux-gnu/librt-2.17.so
7fb316ac7000-7fb316ac8000 r--p 00006000 08:06 9179043                    /lib/x86_64-linux-gnu/librt-2.17.so
7fb316ac8000-7fb316ac9000 rw-p 00007000 08:06 9179043                    /lib/x86_64-linux-gnu/librt-2.17.so
7fb316ac9000-7fb316ade000 r-xp 00000000 08:06 9175045                    /lib/x86_64-linux-gnu/libgcc_s.so.1
7fb316ade000-7fb316cdd000 ---p 00015000 08:06 9175045                    /lib/x86_64-linux-gnu/libgcc_s.so.1
7fb316cdd000-7fb316cde000 r--p 00014000 08:06 9175045                    /lib/x86_64-linux-gnu/libgcc_s.so.1
7fb316cde000-7fb316cdf000 rw-p 00015000 08:06 9175045                    /lib/x86_64-linux-gnu/libgcc_s.so.1
7fb316cdf000-7fb316de2000 r-xp 00000000 08:06 9178971                    /lib/x86_64-linux-gnu/libm-2.17.so
7fb316de2000-7fb316fe1000 ---p 00103000 08:06 9178971                    /lib/x86_64-linux-gnu/libm-2.17.so
7fb316fe1000-7fb316fe2000 r--p 00102000 08:06 9178971                    /lib/x86_64-linux-gnu/libm-2.17.so
7fb316fe2000-7fb316fe3000 rw-p 00103000 08:06 9178971                    /lib/x86_64-linux-gnu/libm-2.17.so
7fb316fe3000-7fb3170c9000 r-xp 00000000 08:06 4986327                    /usr/lib/x86_64-linux-gnu/libstdc++.so.6.0.18
7fb3170c9000-7fb3172c8000 ---p 000e6000 08:06 4986327                    /usr/lib/x86_64-linux-gnu/libstdc++.so.6.0.18
7fb3172c8000-7fb3172d0000 r--p 000e5000 08:06 4986327                    /usr/lib/x86_64-linux-gnu/libstdc++.so.6.0.18
7fb3172d0000-7fb3172d2000 rw-p 000ed000 08:06 4986327                    /usr/lib/x86_64-linux-gnu/libstdc++.so.6.0.18
7fb3172d2000-7fb3172e7000 rw-p 00000000 00:00 0 
7fb3172e7000-7fb317dc6000 r-xp 00000000 08:06 5768449                    /usr/lib/jvm/java-7-openjdk-amd64/jre/lib/amd64/server/libjvm.so
7fb317dc6000-7fb317fc5000 ---p 00adf000 08:06 5768449                    /usr/lib/jvm/java-7-openjdk-amd64/jre/lib/amd64/server/libjvm.so
7fb317fc5000-7fb318057000 r--p 00ade000 08:06 5768449                    /usr/lib/jvm/java-7-openjdk-amd64/jre/lib/amd64/server/libjvm.so
7fb318057000-7fb31807a000 rw-p 00b70000 08:06 5768449                    /usr/lib/jvm/java-7-openjdk-amd64/jre/lib/amd64/server/libjvm.so
7fb31807a000-7fb3180a7000 rw-p 00000000 00:00 0 
7fb3180a7000-7fb3180bf000 r-xp 00000000 08:06 9179078                    /lib/x86_64-linux-gnu/libz.so.1.2.8
7fb3180bf000-7fb3182be000 ---p 00018000 08:06 9179078                    /lib/x86_64-linux-gnu/libz.so.1.2.8
7fb3182be000-7fb3182bf000 r--p 00017000 08:06 9179078                    /lib/x86_64-linux-gnu/libz.so.1.2.8
7fb3182bf000-7fb3182c0000 rw-p 00018000 08:06 9179078                    /lib/x86_64-linux-gnu/libz.so.1.2.8
7fb3182c0000-7fb3182d7000 r-xp 00000000 08:06 9179035                    /lib/x86_64-linux-gnu/libpthread-2.17.so
7fb3182d7000-7fb3184d7000 ---p 00017000 08:06 9179035                    /lib/x86_64-linux-gnu/libpthread-2.17.so
7fb3184d7000-7fb3184d8000 r--p 00017000 08:06 9179035                    /lib/x86_64-linux-gnu/libpthread-2.17.so
7fb3184d8000-7fb3184d9000 rw-p 00018000 08:06 9179035                    /lib/x86_64-linux-gnu/libpthread-2.17.so
7fb3184d9000-7fb3184dd000 rw-p 00000000 00:00 0 
7fb3184dd000-7fb3184e0000 r-xp 00000000 08:06 9178935                    /lib/x86_64-linux-gnu/libdl-2.17.so
7fb3184e0000-7fb3186df000 ---p 00003000 08:06 9178935                    /lib/x86_64-linux-gnu/libdl-2.17.so
7fb3186df000-7fb3186e0000 r--p 00002000 08:06 9178935                    /lib/x86_64-linux-gnu/libdl-2.17.so
7fb3186e0000-7fb3186e1000 rw-p 00003000 08:06 9178935                    /lib/x86_64-linux-gnu/libdl-2.17.so
7fb3186e1000-7fb31889e000 r-xp 00000000 08:06 9178920                    /lib/x86_64-linux-gnu/libc-2.17.so
7fb31889e000-7fb318a9e000 ---p 001bd000 08:06 9178920                    /lib/x86_64-linux-gnu/libc-2.17.so
7fb318a9e000-7fb318aa2000 r--p 001bd000 08:06 9178920                    /lib/x86_64-linux-gnu/libc-2.17.so
7fb318aa2000-7fb318aa4000 rw-p 001c1000 08:06 9178920                    /lib/x86_64-linux-gnu/libc-2.17.so
7fb318aa4000-7fb318aa9000 rw-p 00000000 00:00 0 
7fb318aa9000-7fb318ab6000 r-xp 00000000 08:06 5769509                    /usr/lib/jvm/java-7-openjdk-amd64/jre/lib/amd64/jli/libjli.so
7fb318ab6000-7fb318cb5000 ---p 0000d000 08:06 5769509                    /usr/lib/jvm/java-7-openjdk-amd64/jre/lib/amd64/jli/libjli.so
7fb318cb5000-7fb318cb6000 r--p 0000c000 08:06 5769509                    /usr/lib/jvm/java-7-openjdk-amd64/jre/lib/amd64/jli/libjli.so
7fb318cb6000-7fb318cb7000 rw-p 0000d000 08:06 5769509                    /usr/lib/jvm/java-7-openjdk-amd64/jre/lib/amd64/jli/libjli.so
7fb318cb7000-7fb318cda000 r-xp 00000000 08:06 9178896                    /lib/x86_64-linux-gnu/ld-2.17.so
7fb318cda000-7fb318cdb000 r--s 00000000 08:06 2359399                    /var/cache/fontconfig/dc05db6664285cc2f12bf69c139ae4c3-le64.cache-4
7fb318cdb000-7fb318cdc000 r--s 00000000 08:06 2360098                    /var/cache/fontconfig/4794a0821666d79190d59a36cb4f44b5-le64.cache-4
7fb318cdc000-7fb318cdd000 r--s 00000000 08:06 2359377                    /var/cache/fontconfig/56cf4f4769d0f4abc89a4895d7bd3ae1-le64.cache-4
7fb318cdd000-7fb318cde000 r--s 00000000 08:06 2359391                    /var/cache/fontconfig/b9d506c9ac06c20b433354fa67a72993-le64.cache-4
7fb318cde000-7fb318cdf000 r--s 00000000 08:06 2359367                    /var/cache/fontconfig/0c9eb80ebd1c36541ebe2852d3bb0c49-le64.cache-4
7fb318cdf000-7fb318ce3000 r--s 00000000 08:06 2368623                    /var/cache/fontconfig/7ef2298fde41cc6eeb7af42e48b7d293-le64.cache-4
7fb318ce3000-7fb318ced000 r--s 000b8000 08:06 5769518                    /usr/lib/jvm/java-7-openjdk-amd64/jre/lib/resources.jar
7fb318ced000-7fb318cf7000 rw-p 00000000 00:00 0 
7fb318cf7000-7fb318dad000 rw-p 00000000 00:00 0 
7fb318dad000-7fb318db0000 ---p 00000000 00:00 0 
7fb318db0000-7fb318eb3000 rw-p 00000000 00:00 0                          [stack:6806]
7fb318eb3000-7fb318eb9000 r--p 00000000 08:06 18874610                   /home/stephen/.config/dconf/user (deleted)
7fb318eb9000-7fb318eba000 r--s 00000000 00:15 56778                      /run/user/1000/dconf/user (deleted)
7fb318eba000-7fb318ebc000 r--s 00012000 08:06 5769564                    /usr/lib/jvm/java-7-openjdk-amd64/jre/lib/ext/zipfs.jar
7fb318ebc000-7fb318ebe000 r--s 00006000 08:06 5380281                    /usr/share/java/java-atk-wrapper.jar
7fb318ebe000-7fb318ebf000 r--s 00002000 08:06 5769566                    /usr/lib/jvm/java-7-openjdk-amd64/jre/lib/ext/dnsns.jar
7fb318ebf000-7fb318ec2000 r--s 0000f000 08:06 5769563                    /usr/lib/jvm/java-7-openjdk-amd64/jre/lib/ext/pulse-java.jar
7fb318ec2000-7fb318ec6000 r--s 0003b000 08:06 5770031                    /usr/lib/jvm/java-7-openjdk-amd64/jre/lib/ext/sunpkcs11.jar
7fb318ec6000-7fb318ec9000 r--s 00032000 08:06 5769565                    /usr/lib/jvm/java-7-openjdk-amd64/jre/lib/ext/sunjce_provider.jar
7fb318ec9000-7fb318ecd000 r--s 00085000 08:06 5769562                    /usr/lib/jvm/java-7-openjdk-amd64/jre/lib/ext/localedata.jar
7fb318ecd000-7fb318ed5000 rw-s 00000000 08:06 21757977                   /tmp/hsperfdata_stephen/6802
7fb318ed5000-7fb318ed6000 rw-p 00000000 00:00 0 
7fb318ed6000-7fb318ed7000 r--p 00000000 00:00 0 
7fb318ed7000-7fb318ed9000 rw-p 00000000 00:00 0 
7fb318ed9000-7fb318eda000 r--p 00022000 08:06 9178896                    /lib/x86_64-linux-gnu/ld-2.17.so
7fb318eda000-7fb318edc000 rw-p 00023000 08:06 9178896                    /lib/x86_64-linux-gnu/ld-2.17.so
7fff3e509000-7fff3e52a000 rw-p 00000000 00:00 0                          [stack]
7fff3e5fe000-7fff3e600000 r-xp 00000000 00:00 0                          [vdso]
ffffffffff600000-ffffffffff601000 r-xp 00000000 00:00 0                  [vsyscall]

VM Arguments:
jvm_args: -Dfile.encoding=UTF-8 
java_command: gestionnaire.run.Run
Launcher Type: SUN_STANDARD

Environment Variables:
PATH=/usr/lib/lightdm/lightdm:/usr/local/sbin:/usr/local/bin:/usr/sbin:/usr/bin:/sbin:/bin:/usr/games:/usr/local/games
SHELL=/bin/bash
DISPLAY=:0

Signal Handlers:
SIGSEGV: [libjvm.so+0x916ea0], sa_mask[0]=0x7ffbfeff, sa_flags=0x10000004
SIGBUS: [libjvm.so+0x916ea0], sa_mask[0]=0x7ffbfeff, sa_flags=0x10000004
SIGFPE: [libjvm.so+0x794800], sa_mask[0]=0x7ffbfeff, sa_flags=0x10000004
SIGPIPE: SIG_IGN, sa_mask[0]=0x00001000, sa_flags=0x10000000
SIGXFSZ: [libjvm.so+0x794800], sa_mask[0]=0x7ffbfeff, sa_flags=0x10000004
SIGILL: [libjvm.so+0x794800], sa_mask[0]=0x7ffbfeff, sa_flags=0x10000004
SIGUSR1: SIG_DFL, sa_mask[0]=0x00000000, sa_flags=0x00000000
SIGUSR2: [libjvm.so+0x7946a0], sa_mask[0]=0x00000004, sa_flags=0x10000004
SIGHUP: [libjvm.so+0x794880], sa_mask[0]=0x7ffbfeff, sa_flags=0x10000004
SIGINT: [libjvm.so+0x794880], sa_mask[0]=0x7ffbfeff, sa_flags=0x10000004
SIGTERM: [libjvm.so+0x794880], sa_mask[0]=0x7ffbfeff, sa_flags=0x10000004
SIGQUIT: [libjvm.so+0x794880], sa_mask[0]=0x7ffbfeff, sa_flags=0x10000004


---------------  S Y S T E M  ---------------

OS:Ubuntu 13.10 (saucy)
uname:Linux 3.11.0-18-generic #32-Ubuntu SMP Tue Feb 18 21:11:14 UTC 2014 x86_64
libc:glibc 2.17 NPTL 2.17 
rlimit: STACK 8192k, CORE 0k, NPROC 62320, NOFILE 4096, AS infinity
load average:14,46 8,10 3,28

/proc/meminfo:
MemTotal:        8071404 kB
MemFree:         6694476 kB
Buffers:           72228 kB
Cached:           889752 kB
SwapCached:            0 kB
Active:           684952 kB
Inactive:         515080 kB
Active(anon):     239156 kB
Inactive(anon):   110696 kB
Active(file):     445796 kB
Inactive(file):   404384 kB
Unevictable:          68 kB
Mlocked:              68 kB
SwapTotal:       9765884 kB
SwapFree:        9765884 kB
Dirty:              1636 kB
Writeback:             0 kB
AnonPages:        237864 kB
Mapped:            94192 kB
Shmem:            111716 kB
Slab:              89272 kB
SReclaimable:      58816 kB
SUnreclaim:        30456 kB
KernelStack:        3280 kB
PageTables:         8032 kB
NFS_Unstable:          0 kB
Bounce:                0 kB
WritebackTmp:          0 kB
CommitLimit:    13801584 kB
Committed_AS:    1000732 kB
VmallocTotal:   34359738367 kB
VmallocUsed:      359700 kB
VmallocChunk:   34359368060 kB
HardwareCorrupted:     0 kB
AnonHugePages:         0 kB
HugePages_Total:       0
HugePages_Free:        0
HugePages_Rsvd:        0
HugePages_Surp:        0
Hugepagesize:       2048 kB
DirectMap4k:       68584 kB
DirectMap2M:     1939456 kB
DirectMap1G:     6291456 kB


CPU:total 4 (2 cores per cpu, 2 threads per core) family 6 model 60 stepping 3, cmov, cx8, fxsr, mmx, sse, sse2, sse3, ssse3, sse4.1, sse4.2, popcnt, avx, avx2, aes, erms, ht, tsc, tscinvbit

/proc/cpuinfo:
processor	: 0
vendor_id	: GenuineIntel
cpu family	: 6
model		: 60
model name	: Intel(R) Core(TM) i5-4200M CPU @ 2.50GHz
stepping	: 3
microcode	: 0x12
cpu MHz		: 2501.000
cache size	: 3072 KB
physical id	: 0
siblings	: 4
core id		: 0
cpu cores	: 2
apicid		: 0
initial apicid	: 0
fpu		: yes
fpu_exception	: yes
cpuid level	: 13
wp		: yes
flags		: fpu vme de pse tsc msr pae mce cx8 apic sep mtrr pge mca cmov pat pse36 clflush dts acpi mmx fxsr sse sse2 ss ht tm pbe syscall nx pdpe1gb rdtscp lm constant_tsc arch_perfmon pebs bts rep_good nopl xtopology nonstop_tsc aperfmperf eagerfpu pni pclmulqdq dtes64 monitor ds_cpl vmx est tm2 ssse3 fma cx16 xtpr pdcm pcid sse4_1 sse4_2 movbe popcnt tsc_deadline_timer aes xsave avx f16c rdrand lahf_lm abm ida arat epb xsaveopt pln pts dtherm tpr_shadow vnmi flexpriority ept vpid fsgsbase tsc_adjust bmi1 avx2 smep bmi2 erms invpcid
bogomips	: 4988.75
clflush size	: 64
cache_alignment	: 64
address sizes	: 39 bits physical, 48 bits virtual
power management:

processor	: 1
vendor_id	: GenuineIntel
cpu family	: 6
model		: 60
model name	: Intel(R) Core(TM) i5-4200M CPU @ 2.50GHz
stepping	: 3
microcode	: 0x12
cpu MHz		: 2501.000
cache size	: 3072 KB
physical id	: 0
siblings	: 4
core id		: 0
cpu cores	: 2
apicid		: 1
initial apicid	: 1
fpu		: yes
fpu_exception	: yes
cpuid level	: 13
wp		: yes
flags		: fpu vme de pse tsc msr pae mce cx8 apic sep mtrr pge mca cmov pat pse36 clflush dts acpi mmx fxsr sse sse2 ss ht tm pbe syscall nx pdpe1gb rdtscp lm constant_tsc arch_perfmon pebs bts rep_good nopl xtopology nonstop_tsc aperfmperf eagerfpu pni pclmulqdq dtes64 monitor ds_cpl vmx est tm2 ssse3 fma cx16 xtpr pdcm pcid sse4_1 sse4_2 movbe popcnt tsc_deadline_timer aes xsave avx f16c rdrand lahf_lm abm ida arat epb xsaveopt pln pts dtherm tpr_shadow vnmi flexpriority ept vpid fsgsbase tsc_adjust bmi1 avx2 smep bmi2 erms invpcid
bogomips	: 4988.75
clflush size	: 64
cache_alignment	: 64
address sizes	: 39 bits physical, 48 bits virtual
power management:

processor	: 2
vendor_id	: GenuineIntel
cpu family	: 6
model		: 60
model name	: Intel(R) Core(TM) i5-4200M CPU @ 2.50GHz
stepping	: 3
microcode	: 0x12
cpu MHz		: 2501.000
cache size	: 3072 KB
physical id	: 0
siblings	: 4
core id		: 1
cpu cores	: 2
apicid		: 2
initial apicid	: 2
fpu		: yes
fpu_exception	: yes
cpuid level	: 13
wp		: yes
flags		: fpu vme de pse tsc msr pae mce cx8 apic sep mtrr pge mca cmov pat pse36 clflush dts acpi mmx fxsr sse sse2 ss ht tm pbe syscall nx pdpe1gb rdtscp lm constant_tsc arch_perfmon pebs bts rep_good nopl xtopology nonstop_tsc aperfmperf eagerfpu pni pclmulqdq dtes64 monitor ds_cpl vmx est tm2 ssse3 fma cx16 xtpr pdcm pcid sse4_1 sse4_2 movbe popcnt tsc_deadline_timer aes xsave avx f16c rdrand lahf_lm abm ida arat epb xsaveopt pln pts dtherm tpr_shadow vnmi flexpriority ept vpid fsgsbase tsc_adjust bmi1 avx2 smep bmi2 erms invpcid
bogomips	: 4988.75
clflush size	: 64
cache_alignment	: 64
address sizes	: 39 bits physical, 48 bits virtual
power management:

processor	: 3
vendor_id	: GenuineIntel
cpu family	: 6
model		: 60
model name	: Intel(R) Core(TM) i5-4200M CPU @ 2.50GHz
stepping	: 3
microcode	: 0x12
cpu MHz		: 2501.000
cache size	: 3072 KB
physical id	: 0
siblings	: 4
core id		: 1
cpu cores	: 2
apicid		: 3
initial apicid	: 3
fpu		: yes
fpu_exception	: yes
cpuid level	: 13
wp		: yes
flags		: fpu vme de pse tsc msr pae mce cx8 apic sep mtrr pge mca cmov pat pse36 clflush dts acpi mmx fxsr sse sse2 ss ht tm pbe syscall nx pdpe1gb rdtscp lm constant_tsc arch_perfmon pebs bts rep_good nopl xtopology nonstop_tsc aperfmperf eagerfpu pni pclmulqdq dtes64 monitor ds_cpl vmx est tm2 ssse3 fma cx16 xtpr pdcm pcid sse4_1 sse4_2 movbe popcnt tsc_deadline_timer aes xsave avx f16c rdrand lahf_lm abm ida arat epb xsaveopt pln pts dtherm tpr_shadow vnmi flexpriority ept vpid fsgsbase tsc_adjust bmi1 avx2 smep bmi2 erms invpcid
bogomips	: 4988.75
clflush size	: 64
cache_alignment	: 64
address sizes	: 39 bits physical, 48 bits virtual
power management:



Memory: 4k page, physical 8071404k(6694476k free), swap 9765884k(9765884k free)

vm_info: OpenJDK 64-Bit Server VM (24.45-b08) for linux-amd64 JRE (1.7.0_51-b00), built on Jan 15 2014 22:02:57 by "buildd" with gcc 4.8.1

time: Tue Apr  1 21:24:03 2014
elapsed time: 139 seconds

